21-jul-2015 13:49:55 [INFO] LOG: Finished loading assets

21-jul-2015 13:49:57 [INFO] LOG: Finished loading assets

21-jul-2015 13:52:20
 [
INFO] 
LOG: Finished loading assets
21-jul-2015 13:52:21
 [
INFO] 
LOG: Finished loading assets
21-jul-2015 16:13:56 [INFO] LOG: Finished loading assets
21-jul-2015 16:13:57 [INFO] LOG: Finished loading assets
21-jul-2015 16:14:41 [INFO] LOG: Finished loading assets
21-jul-2015 16:14:42 [INFO] LOG: Finished loading assets
21-jul-2015 16:14:49 [INFO] LOG: Finished loading assets
21-jul-2015 16:14:50 [INFO] LOG: Finished loading assets
21-jul-2015 16:16:50 [INFO] LOG: Finished loading assets
21-jul-2015 16:16:52 [INFO] LOG: Finished loading assets
21-jul-2015 16:27:11 [INFO] LOG: Finished loading assets
21-jul-2015 16:27:12 [INFO] LOG: Finished loading assets
21-jul-2015 16:28:04 [INFO] LOG: Finished loading assets
21-jul-2015 16:28:06 [INFO] LOG: Finished loading assets
21-jul-2015 16:41:16 [INFO] LOG: Finished loading assets
21-jul-2015 16:41:17 [INFO] LOG: Finished loading assets
21-jul-2015 19:23:22 [INFO] LOG: Finished loading assets
21-jul-2015 19:23:29 [INFO] LOG: Finished loading assets
21-jul-2015 19:23:30 [INFO] LOG: Finished loading assets
21-jul-2015 19:24:00 [INFO] LOG: Finished loading assets
21-jul-2015 19:24:02 [INFO] LOG: Finished loading assets
21-jul-2015 19:24:17 [INFO] LOG: Finished loading assets
21-jul-2015 19:24:18 [INFO] LOG: Finished loading assets
21-jul-2015 19:24:28 [INFO] LOG: Finished loading assets
21-jul-2015 19:24:29 [INFO] LOG: Finished loading assets
21-jul-2015 19:25:35 [INFO] LOG: Finished loading assets
21-jul-2015 19:25:36 [INFO] LOG: Finished loading assets
21-jul-2015 19:27:12 [INFO] LOG: Finished loading assets
21-jul-2015 19:27:13 [INFO] LOG: Finished loading assets
21-jul-2015 19:27:39 [INFO] LOG: Finished loading assets
21-jul-2015 19:27:40 [INFO] LOG: Finished loading assets
21-jul-2015 19:28:10 [INFO] LOG: Finished loading assets
21-jul-2015 19:28:12 [INFO] LOG: Finished loading assets
21-jul-2015 19:31:14 [INFO] LOG: Finished loading assets
21-jul-2015 19:31:15 [INFO] LOG: Finished loading assets
21-jul-2015 19:31:22 [INFO] LOG: Finished loading assets
21-jul-2015 19:31:27 [INFO] LOG: Finished loading assets
21-jul-2015 19:31:28 [INFO] LOG: Finished loading assets
21-jul-2015 19:31:33 [INFO] LOG: Finished loading assets
21-jul-2015 19:31:34 [INFO] LOG: Finished loading assets
21-jul-2015 19:32:06 [INFO] LOG: Finished loading assets
21-jul-2015 19:32:07 [INFO] LOG: Finished loading assets
21-jul-2015 19:37:47 [INFO] LOG: Finished loading assets
21-jul-2015 19:37:49 [INFO] LOG: Finished loading assets
21-jul-2015 19:37:59 [INFO] LOG: Finished loading assets
21-jul-2015 19:38:00 [INFO] LOG: Finished loading assets
21-jul-2015 19:38:24 [INFO] LOG: Finished loading assets
21-jul-2015 19:38:25 [INFO] LOG: Finished loading assets
22-jul-2015 11:10:55 [INFO] LOG: Finished loading assets
22-jul-2015 11:10:56 [INFO] LOG: Finished loading assets
22-jul-2015 11:11:53 [INFO] LOG: Finished loading assets
22-jul-2015 11:11:54 [INFO] LOG: Finished loading assets
22-jul-2015 11:13:11 [INFO] LOG: Finished loading assets
22-jul-2015 11:13:12 [INFO] LOG: Finished loading assets
22-jul-2015 11:13:57 [INFO] LOG: Finished loading assets
22-jul-2015 11:14:05 [INFO] LOG: Finished loading assets
22-jul-2015 11:14:06 [INFO] LOG: Finished loading assets
22-jul-2015 11:35:05 [INFO] LOG: Finished loading assets
22-jul-2015 11:35:37 [INFO] LOG: Finished loading assets
22-jul-2015 11:35:38 [INFO] LOG: Finished loading assets
22-jul-2015 11:36:29 [INFO] LOG: Finished loading assets
22-jul-2015 11:36:30 [INFO] LOG: Finished loading assets
22-jul-2015 11:39:19 [INFO] LOG: Finished loading assets
22-jul-2015 11:39:20 [INFO] LOG: Finished loading assets
22-jul-2015 11:43:31 [INFO] LOG: Finished loading assets
22-jul-2015 11:43:32 [INFO] LOG: Finished loading assets
22-jul-2015 11:45:03 [INFO] LOG: Finished loading assets
22-jul-2015 11:45:29 [INFO] LOG: Finished loading assets
22-jul-2015 11:45:34 [INFO] LOG: Finished loading assets
22-jul-2015 11:45:42 [INFO] LOG: Finished loading assets
22-jul-2015 11:45:45 [INFO] LOG: Finished loading assets
22-jul-2015 11:46:29 [INFO] LOG: Finished loading assets
22-jul-2015 11:46:45 [INFO] LOG: Finished loading assets
22-jul-2015 11:46:50 [INFO] LOG: Finished loading assets
22-jul-2015 11:46:54 [INFO] LOG: Finished loading assets
22-jul-2015 11:46:58 [INFO] LOG: Finished loading assets
22-jul-2015 11:47:00 [INFO] LOG: Finished loading assets
22-jul-2015 11:47:02 [INFO] LOG: Finished loading assets
22-jul-2015 11:47:05 [INFO] LOG: Finished loading assets
22-jul-2015 11:47:08 [INFO] LOG: Finished loading assets
22-jul-2015 11:52:08 [INFO] LOG: Finished loading assets
22-jul-2015 11:52:16 [INFO] LOG: Finished loading assets
22-jul-2015 11:52:44 [INFO] LOG: Finished loading assets
22-jul-2015 11:52:51 [INFO] LOG: Finished loading assets
22-jul-2015 11:52:59 [INFO] LOG: Finished loading assets
22-jul-2015 11:53:02 [INFO] LOG: Finished loading assets
22-jul-2015 11:53:07 [INFO] LOG: Finished loading assets
22-jul-2015 11:53:09 [INFO] LOG: Finished loading assets
22-jul-2015 11:55:07 [INFO] LOG: Finished loading assets
22-jul-2015 11:55:30 [INFO] LOG: Finished loading assets
22-jul-2015 11:55:41 [INFO] LOG: Finished loading assets
22-jul-2015 11:55:43 [INFO] LOG: Finished loading assets
22-jul-2015 11:55:44 [INFO] LOG: Finished loading assets
22-jul-2015 11:55:46 [INFO] LOG: Finished loading assets
22-jul-2015 11:55:48 [INFO] LOG: Finished loading assets
22-jul-2015 11:55:51 [INFO] LOG: Finished loading assets
22-jul-2015 11:55:53 [INFO] LOG: Finished loading assets
22-jul-2015 11:55:55 [INFO] LOG: Finished loading assets
22-jul-2015 11:55:58 [INFO] LOG: Finished loading assets
22-jul-2015 11:56:00 [INFO] LOG: Finished loading assets
22-jul-2015 11:56:23 [INFO] LOG: Finished loading assets
22-jul-2015 11:56:26 [INFO] LOG: Finished loading assets
22-jul-2015 11:56:27 [INFO] LOG: Finished loading assets
22-jul-2015 11:57:29 [INFO] LOG: Finished loading assets
22-jul-2015 11:57:31 [INFO] LOG: Finished loading assets
22-jul-2015 11:58:25 [INFO] LOG: Finished loading assets
22-jul-2015 11:59:19 [INFO] LOG: Finished loading assets
22-jul-2015 11:59:21 [INFO] LOG: Finished loading assets
22-jul-2015 12:00:19 [INFO] LOG: Finished loading assets
22-jul-2015 12:00:20 [INFO] LOG: Finished loading assets
22-jul-2015 12:00:30 [INFO] LOG: Finished loading assets
22-jul-2015 12:00:32 [INFO] LOG: Finished loading assets
22-jul-2015 12:01:35 [INFO] LOG: Finished loading assets
22-jul-2015 12:01:36 [INFO] LOG: Finished loading assets
22-jul-2015 12:02:20 [INFO] LOG: Finished loading assets
22-jul-2015 12:02:21 [INFO] LOG: Finished loading assets
22-jul-2015 12:03:37 [INFO] LOG: Finished loading assets
22-jul-2015 12:03:38 [INFO] LOG: Finished loading assets
22-jul-2015 12:03:40 [INFO] LOG: Finished loading assets
22-jul-2015 12:03:41 [INFO] LOG: Finished loading assets
22-jul-2015 12:03:42 [INFO] LOG: Finished loading assets
22-jul-2015 12:03:43 [INFO] LOG: Finished loading assets
22-jul-2015 12:03:44 [INFO] LOG: Finished loading assets
22-jul-2015 12:03:51 [INFO] LOG: Finished loading assets
22-jul-2015 12:03:53 [INFO] LOG: Finished loading assets
22-jul-2015 12:03:56 [INFO] LOG: Finished loading assets
22-jul-2015 12:03:57 [INFO] LOG: Finished loading assets
22-jul-2015 12:03:58 [INFO] LOG: Finished loading assets
22-jul-2015 12:54:18 [INFO] LOG: Finished loading assets
22-jul-2015 12:54:20 [INFO] LOG: Finished loading assets
22-jul-2015 12:54:25 [INFO] LOG: Finished loading assets
23-jul-2015 11:10:11 [INFO] LOG: Finished loading assets
23-jul-2015 11:10:55 [INFO] LOG: Finished loading assets
23-jul-2015 11:11:14 [INFO] LOG: Finished loading assets
23-jul-2015 11:14:17 [INFO] LOG: Finished loading assets
23-jul-2015 11:15:16 [INFO] LOG: Finished loading assets
23-jul-2015 11:15:21 [INFO] LOG: Finished loading assets
23-jul-2015 11:15:41 [INFO] LOG: Finished loading assets
23-jul-2015 11:15:42 [DEBUG] LOG: [-0.016011223, -0.112976395, 9.718364]
23-jul-2015 11:15:42 [DEBUG] LOG: [-0.016011223, -0.112976395, 9.718364]
23-jul-2015 11:15:42 [DEBUG] LOG: [-0.016011223, -0.112976395, 9.718364]
23-jul-2015 11:15:42 [DEBUG] LOG: [-0.016011223, -0.112976395, 9.718364]
23-jul-2015 11:15:42 [DEBUG] LOG: [-0.016011223, -0.112976395, 9.718364]
23-jul-2015 11:15:42 [DEBUG] LOG: [-0.016011223, -0.112976395, 9.718364]
23-jul-2015 11:15:42 [DEBUG] LOG: [-0.016011223, -0.112976395, 9.718364]
23-jul-2015 11:15:42 [DEBUG] LOG: [0.027084406, -0.1297358, 9.680057]
23-jul-2015 11:15:42 [DEBUG] LOG: [0.027084406, -0.1297358, 9.680057]
23-jul-2015 11:15:42 [DEBUG] LOG: [0.027084406, -0.1297358, 9.680057]
23-jul-2015 11:15:42 [DEBUG] LOG: [0.027084406, -0.1297358, 9.680057]
23-jul-2015 11:15:42 [DEBUG] LOG: [0.027084406, -0.1297358, 9.680057]
23-jul-2015 11:15:42 [DEBUG] LOG: [0.027084406, -0.1297358, 9.680057]
23-jul-2015 11:15:42 [DEBUG] LOG: [0.027084406, -0.1297358, 9.680057]
23-jul-2015 11:15:42 [DEBUG] LOG: [0.027084406, -0.1297358, 9.680057]
23-jul-2015 11:15:42 [DEBUG] LOG: [0.027084406, -0.1297358, 9.680057]
23-jul-2015 11:15:42 [DEBUG] LOG: [0.027084406, -0.1297358, 9.680057]
23-jul-2015 11:15:42 [DEBUG] LOG: [0.027084406, -0.1297358, 9.680057]
23-jul-2015 11:15:42 [DEBUG] LOG: [0.027084406, -0.1297358, 9.680057]
23-jul-2015 11:15:42 [DEBUG] LOG: [0.027084406, -0.1297358, 9.680057]
23-jul-2015 11:15:42 [DEBUG] LOG: [0.027084406, -0.1297358, 9.680057]
23-jul-2015 11:15:42 [DEBUG] LOG: [0.027084406, -0.1297358, 9.680057]
23-jul-2015 11:15:42 [DEBUG] LOG: [0.027084406, -0.1297358, 9.680057]
23-jul-2015 11:15:42 [DEBUG] LOG: [0.027084406, -0.1297358, 9.680057]
23-jul-2015 11:15:42 [DEBUG] LOG: [0.027084406, -0.1297358, 9.680057]
23-jul-2015 11:15:42 [DEBUG] LOG: [0.027084406, -0.1297358, 9.680057]
23-jul-2015 11:15:42 [DEBUG] LOG: [0.027084406, -0.1297358, 9.680057]
23-jul-2015 11:15:42 [DEBUG] LOG: [0.027084406, -0.1297358, 9.680057]
23-jul-2015 11:15:42 [DEBUG] LOG: [0.027084406, -0.1297358, 9.680057]
23-jul-2015 11:15:42 [DEBUG] LOG: [0.027084406, -0.1297358, 9.680057]
23-jul-2015 11:15:42 [DEBUG] LOG: [0.027084406, -0.1297358, 9.680057]
23-jul-2015 11:15:42 [DEBUG] LOG: [0.027084406, -0.1297358, 9.680057]
23-jul-2015 11:15:42 [DEBUG] LOG: [0.027084406, -0.1297358, 9.680057]
23-jul-2015 11:15:42 [DEBUG] LOG: [0.027084406, -0.1297358, 9.680057]
23-jul-2015 11:15:42 [DEBUG] LOG: [0.015113398, -0.1225532, 9.684845]
23-jul-2015 11:15:42 [DEBUG] LOG: [0.015113398, -0.1225532, 9.684845]
23-jul-2015 11:15:43 [DEBUG] LOG: [0.015113398, -0.1225532, 9.684845]
23-jul-2015 11:15:43 [DEBUG] LOG: [0.015113398, -0.1225532, 9.684845]
23-jul-2015 11:15:43 [DEBUG] LOG: [0.015113398, -0.1225532, 9.684845]
23-jul-2015 11:15:43 [DEBUG] LOG: [0.015113398, -0.1225532, 9.684845]
23-jul-2015 11:15:43 [DEBUG] LOG: [0.015113398, -0.1225532, 9.684845]
23-jul-2015 11:15:43 [DEBUG] LOG: [0.015113398, -0.1225532, 9.684845]
23-jul-2015 11:15:43 [DEBUG] LOG: [0.015113398, -0.1225532, 9.684845]
23-jul-2015 11:15:43 [DEBUG] LOG: [0.015113398, -0.1225532, 9.684845]
23-jul-2015 11:15:43 [DEBUG] LOG: [0.015113398, -0.1225532, 9.684845]
23-jul-2015 11:15:43 [DEBUG] LOG: [0.015113398, -0.1225532, 9.684845]
23-jul-2015 11:15:43 [DEBUG] LOG: [0.015113398, -0.1225532, 9.684845]
23-jul-2015 11:15:43 [DEBUG] LOG: [0.015113398, -0.1225532, 9.684845]
23-jul-2015 11:15:43 [DEBUG] LOG: [0.015113398, -0.1225532, 9.684845]
23-jul-2015 11:15:43 [DEBUG] LOG: [0.015113398, -0.1225532, 9.684845]
23-jul-2015 11:15:43 [DEBUG] LOG: [0.015113398, -0.1225532, 9.684845]
23-jul-2015 11:15:43 [DEBUG] LOG: [0.015113398, -0.1225532, 9.684845]
23-jul-2015 11:15:43 [DEBUG] LOG: [0.015113398, -0.1225532, 9.684845]
23-jul-2015 11:15:43 [DEBUG] LOG: [0.015113398, -0.1225532, 9.684845]
23-jul-2015 11:15:43 [DEBUG] LOG: [0.015113398, -0.1225532, 9.684845]
23-jul-2015 11:15:43 [DEBUG] LOG: [0.015113398, -0.1225532, 9.684845]
23-jul-2015 11:15:43 [DEBUG] LOG: [0.015113398, -0.1225532, 9.684845]
23-jul-2015 11:15:43 [DEBUG] LOG: [0.015113398, -0.1225532, 9.684845]
23-jul-2015 11:15:43 [DEBUG] LOG: [0.015113398, -0.1225532, 9.684845]
23-jul-2015 11:15:43 [DEBUG] LOG: [0.015113398, -0.1225532, 9.684845]
23-jul-2015 11:15:43 [DEBUG] LOG: [0.015113398, -0.1225532, 9.684845]
23-jul-2015 11:15:43 [DEBUG] LOG: [0.015113398, -0.1225532, 9.684845]
23-jul-2015 11:15:43 [DEBUG] LOG: [0.015113398, -0.1225532, 9.684845]
23-jul-2015 11:15:43 [DEBUG] LOG: [0.015113398, -0.1225532, 9.684845]
23-jul-2015 11:15:43 [DEBUG] LOG: [0.015113398, -0.1225532, 9.684845]
23-jul-2015 11:15:43 [DEBUG] LOG: [0.015113398, -0.1225532, 9.684845]
23-jul-2015 11:15:43 [DEBUG] LOG: [-0.013617022, -0.09861118, 9.689633]
23-jul-2015 11:15:43 [DEBUG] LOG: [-0.013617022, -0.09861118, 9.689633]
23-jul-2015 11:15:43 [DEBUG] LOG: [-0.013617022, -0.09861118, 9.689633]
23-jul-2015 11:15:43 [DEBUG] LOG: [-0.013617022, -0.09861118, 9.689633]
23-jul-2015 11:15:43 [DEBUG] LOG: [-0.013617022, -0.09861118, 9.689633]
23-jul-2015 11:15:43 [DEBUG] LOG: [-0.013617022, -0.09861118, 9.689633]
23-jul-2015 11:15:43 [DEBUG] LOG: [-0.013617022, -0.09861118, 9.689633]
23-jul-2015 11:15:43 [DEBUG] LOG: [-0.013617022, -0.09861118, 9.689633]
23-jul-2015 11:15:43 [DEBUG] LOG: [-0.013617022, -0.09861118, 9.689633]
23-jul-2015 11:15:43 [DEBUG] LOG: [-0.013617022, -0.09861118, 9.689633]
23-jul-2015 11:15:43 [DEBUG] LOG: [-0.013617022, -0.09861118, 9.689633]
23-jul-2015 11:15:43 [DEBUG] LOG: [-0.013617022, -0.09861118, 9.689633]
23-jul-2015 11:15:43 [DEBUG] LOG: [-0.013617022, -0.09861118, 9.689633]
23-jul-2015 11:15:43 [DEBUG] LOG: [-0.013617022, -0.09861118, 9.689633]
23-jul-2015 11:15:43 [DEBUG] LOG: [-0.013617022, -0.09861118, 9.689633]
23-jul-2015 11:15:43 [DEBUG] LOG: [-0.013617022, -0.09861118, 9.689633]
23-jul-2015 11:15:43 [DEBUG] LOG: [-0.013617022, -0.09861118, 9.689633]
23-jul-2015 11:15:43 [DEBUG] LOG: [-0.013617022, -0.09861118, 9.689633]
23-jul-2015 11:15:43 [DEBUG] LOG: [-0.013617022, -0.09861118, 9.689633]
23-jul-2015 11:15:43 [DEBUG] LOG: [-0.013617022, -0.09861118, 9.689633]
23-jul-2015 11:15:43 [DEBUG] LOG: [-0.013617022, -0.09861118, 9.689633]
23-jul-2015 11:15:43 [DEBUG] LOG: [-0.013617022, -0.09861118, 9.689633]
23-jul-2015 11:15:43 [DEBUG] LOG: [-0.013617022, -0.09861118, 9.689633]
23-jul-2015 11:15:43 [DEBUG] LOG: [-0.013617022, -0.09861118, 9.689633]
23-jul-2015 11:15:43 [DEBUG] LOG: [-0.013617022, -0.09861118, 9.689633]
23-jul-2015 11:15:43 [DEBUG] LOG: [-0.013617022, -0.09861118, 9.689633]
23-jul-2015 11:15:43 [DEBUG] LOG: [-0.013617022, -0.09861118, 9.689633]
23-jul-2015 11:15:43 [DEBUG] LOG: [-0.013617022, -0.09861118, 9.689633]
23-jul-2015 11:15:43 [DEBUG] LOG: [-0.013617022, -0.09861118, 9.689633]
23-jul-2015 11:15:43 [DEBUG] LOG: [-0.013617022, -0.09861118, 9.689633]
23-jul-2015 11:15:44 [DEBUG] LOG: [0.0199018, -0.15367782, 9.675268]
23-jul-2015 11:15:44 [DEBUG] LOG: [0.0199018, -0.15367782, 9.675268]
23-jul-2015 11:15:44 [DEBUG] LOG: [0.0199018, -0.15367782, 9.675268]
23-jul-2015 11:15:44 [DEBUG] LOG: [0.0199018, -0.15367782, 9.675268]
23-jul-2015 11:15:44 [DEBUG] LOG: [0.0199018, -0.15367782, 9.675268]
23-jul-2015 11:15:44 [DEBUG] LOG: [0.0199018, -0.15367782, 9.675268]
23-jul-2015 11:15:44 [DEBUG] LOG: [0.0199018, -0.15367782, 9.675268]
23-jul-2015 11:15:44 [DEBUG] LOG: [0.0199018, -0.15367782, 9.675268]
23-jul-2015 11:15:44 [DEBUG] LOG: [0.0199018, -0.15367782, 9.675268]
23-jul-2015 11:15:44 [DEBUG] LOG: [0.0199018, -0.15367782, 9.675268]
23-jul-2015 11:15:44 [DEBUG] LOG: [0.0199018, -0.15367782, 9.675268]
23-jul-2015 11:15:44 [DEBUG] LOG: [0.0199018, -0.15367782, 9.675268]
23-jul-2015 11:15:44 [DEBUG] LOG: [0.0199018, -0.15367782, 9.675268]
23-jul-2015 11:15:44 [DEBUG] LOG: [0.0199018, -0.15367782, 9.675268]
23-jul-2015 11:15:44 [DEBUG] LOG: [0.0199018, -0.15367782, 9.675268]
23-jul-2015 11:15:44 [DEBUG] LOG: [0.0199018, -0.15367782, 9.675268]
23-jul-2015 11:15:44 [DEBUG] LOG: [0.0199018, -0.15367782, 9.675268]
23-jul-2015 11:15:44 [DEBUG] LOG: [0.0199018, -0.15367782, 9.675268]
23-jul-2015 11:15:44 [DEBUG] LOG: [0.0199018, -0.15367782, 9.675268]
23-jul-2015 11:15:44 [DEBUG] LOG: [0.0199018, -0.15367782, 9.675268]
23-jul-2015 11:15:44 [DEBUG] LOG: [0.0199018, -0.15367782, 9.675268]
23-jul-2015 11:15:44 [DEBUG] LOG: [0.0199018, -0.15367782, 9.675268]
23-jul-2015 11:15:44 [DEBUG] LOG: [0.0199018, -0.15367782, 9.675268]
23-jul-2015 11:15:44 [DEBUG] LOG: [0.0199018, -0.15367782, 9.675268]
23-jul-2015 11:15:44 [DEBUG] LOG: [0.0199018, -0.15367782, 9.675268]
23-jul-2015 11:15:44 [DEBUG] LOG: [0.0199018, -0.15367782, 9.675268]
23-jul-2015 11:15:44 [DEBUG] LOG: [0.0199018, -0.15367782, 9.675268]
23-jul-2015 11:15:44 [DEBUG] LOG: [0.0199018, -0.15367782, 9.675268]
23-jul-2015 11:15:44 [DEBUG] LOG: [0.0199018, -0.15367782, 9.675268]
23-jul-2015 11:15:44 [DEBUG] LOG: [0.0199018, -0.15367782, 9.675268]
23-jul-2015 11:15:44 [DEBUG] LOG: [0.0199018, -0.15367782, 9.675268]
23-jul-2015 11:15:44 [DEBUG] LOG: [0.0199018, -0.15367782, 9.675268]
23-jul-2015 11:15:44 [DEBUG] LOG: [-0.004040215, -0.15367782, 9.665691]
23-jul-2015 11:15:44 [DEBUG] LOG: [-0.004040215, -0.15367782, 9.665691]
23-jul-2015 11:15:44 [DEBUG] LOG: [-0.004040215, -0.15367782, 9.665691]
23-jul-2015 11:15:44 [DEBUG] LOG: [-0.004040215, -0.15367782, 9.665691]
23-jul-2015 11:15:44 [DEBUG] LOG: [-0.004040215, -0.15367782, 9.665691]
23-jul-2015 11:15:44 [DEBUG] LOG: [-0.004040215, -0.15367782, 9.665691]
23-jul-2015 11:15:44 [DEBUG] LOG: [-0.004040215, -0.15367782, 9.665691]
23-jul-2015 11:15:44 [DEBUG] LOG: [-0.004040215, -0.15367782, 9.665691]
23-jul-2015 11:15:44 [DEBUG] LOG: [-0.004040215, -0.15367782, 9.665691]
23-jul-2015 11:15:44 [DEBUG] LOG: [-0.004040215, -0.15367782, 9.665691]
23-jul-2015 11:15:44 [DEBUG] LOG: [-0.004040215, -0.15367782, 9.665691]
23-jul-2015 11:15:44 [DEBUG] LOG: [-0.004040215, -0.15367782, 9.665691]
23-jul-2015 11:15:44 [DEBUG] LOG: [-0.004040215, -0.15367782, 9.665691]
23-jul-2015 11:15:44 [DEBUG] LOG: [-0.004040215, -0.15367782, 9.665691]
23-jul-2015 11:15:44 [DEBUG] LOG: [-0.004040215, -0.15367782, 9.665691]
23-jul-2015 11:15:44 [DEBUG] LOG: [-0.004040215, -0.15367782, 9.665691]
23-jul-2015 11:15:44 [DEBUG] LOG: [-0.004040215, -0.15367782, 9.665691]
23-jul-2015 11:15:44 [DEBUG] LOG: [-0.004040215, -0.15367782, 9.665691]
23-jul-2015 11:15:44 [DEBUG] LOG: [-0.004040215, -0.15367782, 9.665691]
23-jul-2015 11:15:44 [DEBUG] LOG: [-0.004040215, -0.15367782, 9.665691]
23-jul-2015 11:15:44 [DEBUG] LOG: [-0.004040215, -0.15367782, 9.665691]
23-jul-2015 11:15:44 [DEBUG] LOG: [-0.004040215, -0.15367782, 9.665691]
23-jul-2015 11:15:44 [DEBUG] LOG: [-0.004040215, -0.15367782, 9.665691]
23-jul-2015 11:15:44 [DEBUG] LOG: [-0.004040215, -0.15367782, 9.665691]
23-jul-2015 11:15:44 [DEBUG] LOG: [-0.004040215, -0.15367782, 9.665691]
23-jul-2015 11:15:44 [DEBUG] LOG: [-0.004040215, -0.15367782, 9.665691]
23-jul-2015 11:15:44 [DEBUG] LOG: [-0.004040215, -0.15367782, 9.665691]
23-jul-2015 11:15:44 [DEBUG] LOG: [-0.004040215, -0.15367782, 9.665691]
23-jul-2015 11:15:45 [DEBUG] LOG: [-0.004040215, -0.15367782, 9.665691]
23-jul-2015 11:15:45 [DEBUG] LOG: [-0.008828619, -0.09861118, 9.677663]
23-jul-2015 11:15:45 [DEBUG] LOG: [-0.008828619, -0.09861118, 9.677663]
23-jul-2015 11:15:45 [DEBUG] LOG: [-0.008828619, -0.09861118, 9.677663]
23-jul-2015 11:15:45 [DEBUG] LOG: [-0.008828619, -0.09861118, 9.677663]
23-jul-2015 11:15:45 [DEBUG] LOG: [-0.008828619, -0.09861118, 9.677663]
23-jul-2015 11:15:45 [DEBUG] LOG: [-0.008828619, -0.09861118, 9.677663]
23-jul-2015 11:15:45 [DEBUG] LOG: [-0.008828619, -0.09861118, 9.677663]
23-jul-2015 11:15:45 [DEBUG] LOG: [-0.008828619, -0.09861118, 9.677663]
23-jul-2015 11:15:45 [DEBUG] LOG: [-0.008828619, -0.09861118, 9.677663]
23-jul-2015 11:15:45 [DEBUG] LOG: [-0.008828619, -0.09861118, 9.677663]
23-jul-2015 11:15:45 [DEBUG] LOG: [-0.008828619, -0.09861118, 9.677663]
23-jul-2015 11:15:45 [DEBUG] LOG: [-0.008828619, -0.09861118, 9.677663]
23-jul-2015 11:15:45 [DEBUG] LOG: [-0.008828619, -0.09861118, 9.677663]
23-jul-2015 11:15:45 [DEBUG] LOG: [-0.008828619, -0.09861118, 9.677663]
23-jul-2015 11:15:45 [DEBUG] LOG: [-0.008828619, -0.09861118, 9.677663]
23-jul-2015 11:15:45 [DEBUG] LOG: [-0.008828619, -0.09861118, 9.677663]
23-jul-2015 11:15:45 [DEBUG] LOG: [-0.008828619, -0.09861118, 9.677663]
23-jul-2015 11:15:45 [DEBUG] LOG: [-0.008828619, -0.09861118, 9.677663]
23-jul-2015 11:15:45 [DEBUG] LOG: [-0.008828619, -0.09861118, 9.677663]
23-jul-2015 11:15:45 [DEBUG] LOG: [-0.008828619, -0.09861118, 9.677663]
23-jul-2015 11:15:45 [DEBUG] LOG: [-0.008828619, -0.09861118, 9.677663]
23-jul-2015 11:15:45 [DEBUG] LOG: [-0.008828619, -0.09861118, 9.677663]
23-jul-2015 11:15:45 [DEBUG] LOG: [-0.008828619, -0.09861118, 9.677663]
23-jul-2015 11:15:45 [DEBUG] LOG: [-0.008828619, -0.09861118, 9.677663]
23-jul-2015 11:15:45 [DEBUG] LOG: [-0.008828619, -0.09861118, 9.677663]
23-jul-2015 11:15:45 [DEBUG] LOG: [-0.008828619, -0.09861118, 9.677663]
23-jul-2015 11:15:45 [DEBUG] LOG: [-0.008828619, -0.09861118, 9.677663]
23-jul-2015 11:15:45 [DEBUG] LOG: [-0.008828619, -0.09861118, 9.677663]
23-jul-2015 11:15:45 [DEBUG] LOG: [-0.008828619, -0.09861118, 9.677663]
23-jul-2015 11:15:45 [DEBUG] LOG: [-0.008828619, -0.09861118, 9.677663]
23-jul-2015 11:15:45 [DEBUG] LOG: [-0.008828619, -0.09861118, 9.677663]
23-jul-2015 11:15:45 [DEBUG] LOG: [-0.008828619, -0.09861118, 9.677663]
23-jul-2015 11:15:45 [DEBUG] LOG: [0.041449618, -0.10818799, 9.653721]
23-jul-2015 11:15:45 [DEBUG] LOG: [0.041449618, -0.10818799, 9.653721]
23-jul-2015 11:15:45 [DEBUG] LOG: [0.041449618, -0.10818799, 9.653721]
23-jul-2015 11:15:45 [DEBUG] LOG: [0.041449618, -0.10818799, 9.653721]
23-jul-2015 11:15:45 [DEBUG] LOG: [0.041449618, -0.10818799, 9.653721]
23-jul-2015 11:15:45 [DEBUG] LOG: [0.041449618, -0.10818799, 9.653721]
23-jul-2015 11:15:45 [DEBUG] LOG: [0.041449618, -0.10818799, 9.653721]
23-jul-2015 11:15:45 [DEBUG] LOG: [0.041449618, -0.10818799, 9.653721]
23-jul-2015 11:15:45 [DEBUG] LOG: [0.041449618, -0.10818799, 9.653721]
23-jul-2015 11:15:45 [DEBUG] LOG: [0.041449618, -0.10818799, 9.653721]
23-jul-2015 11:15:45 [DEBUG] LOG: [0.041449618, -0.10818799, 9.653721]
23-jul-2015 11:15:45 [DEBUG] LOG: [0.041449618, -0.10818799, 9.653721]
23-jul-2015 11:15:45 [DEBUG] LOG: [0.041449618, -0.10818799, 9.653721]
23-jul-2015 11:15:45 [DEBUG] LOG: [0.041449618, -0.10818799, 9.653721]
23-jul-2015 11:15:45 [DEBUG] LOG: [0.041449618, -0.10818799, 9.653721]
23-jul-2015 11:15:45 [DEBUG] LOG: [0.041449618, -0.10818799, 9.653721]
23-jul-2015 11:15:45 [DEBUG] LOG: [0.041449618, -0.10818799, 9.653721]
23-jul-2015 11:15:45 [DEBUG] LOG: [0.041449618, -0.10818799, 9.653721]
23-jul-2015 11:15:45 [DEBUG] LOG: [0.041449618, -0.10818799, 9.653721]
23-jul-2015 11:15:45 [DEBUG] LOG: [0.041449618, -0.10818799, 9.653721]
23-jul-2015 11:15:45 [DEBUG] LOG: [0.041449618, -0.10818799, 9.653721]
23-jul-2015 11:15:45 [DEBUG] LOG: [0.041449618, -0.10818799, 9.653721]
23-jul-2015 11:15:45 [DEBUG] LOG: [0.041449618, -0.10818799, 9.653721]
23-jul-2015 11:15:45 [DEBUG] LOG: [0.041449618, -0.10818799, 9.653721]
23-jul-2015 11:15:45 [DEBUG] LOG: [0.041449618, -0.10818799, 9.653721]
23-jul-2015 11:15:45 [DEBUG] LOG: [0.041449618, -0.10818799, 9.653721]
23-jul-2015 11:15:45 [DEBUG] LOG: [0.041449618, -0.10818799, 9.653721]
23-jul-2015 11:15:46 [DEBUG] LOG: [0.041449618, -0.10818799, 9.653721]
23-jul-2015 11:15:46 [DEBUG] LOG: [0.007930793, -0.10818799, 9.653721]
23-jul-2015 11:15:46 [DEBUG] LOG: [0.007930793, -0.14410101, 9.703999]
23-jul-2015 11:15:46 [DEBUG] LOG: [0.007930793, -0.14410101, 9.703999]
23-jul-2015 11:15:46 [DEBUG] LOG: [0.007930793, -0.14410101, 9.703999]
23-jul-2015 11:15:46 [DEBUG] LOG: [0.007930793, -0.14410101, 9.703999]
23-jul-2015 11:15:46 [DEBUG] LOG: [0.007930793, -0.14410101, 9.703999]
23-jul-2015 11:15:46 [DEBUG] LOG: [0.007930793, -0.14410101, 9.703999]
23-jul-2015 11:15:46 [DEBUG] LOG: [0.007930793, -0.14410101, 9.703999]
23-jul-2015 11:15:46 [DEBUG] LOG: [0.007930793, -0.14410101, 9.703999]
23-jul-2015 11:15:46 [DEBUG] LOG: [0.007930793, -0.14410101, 9.703999]
23-jul-2015 11:15:46 [DEBUG] LOG: [0.007930793, -0.14410101, 9.703999]
23-jul-2015 11:15:46 [DEBUG] LOG: [0.007930793, -0.14410101, 9.703999]
23-jul-2015 11:15:46 [DEBUG] LOG: [0.007930793, -0.14410101, 9.703999]
23-jul-2015 11:15:46 [DEBUG] LOG: [0.007930793, -0.14410101, 9.703999]
23-jul-2015 11:15:46 [DEBUG] LOG: [0.007930793, -0.14410101, 9.703999]
23-jul-2015 11:15:46 [DEBUG] LOG: [0.007930793, -0.14410101, 9.703999]
23-jul-2015 11:15:46 [DEBUG] LOG: [0.007930793, -0.14410101, 9.703999]
23-jul-2015 11:15:46 [DEBUG] LOG: [0.007930793, -0.14410101, 9.703999]
23-jul-2015 11:15:46 [DEBUG] LOG: [0.007930793, -0.14410101, 9.703999]
23-jul-2015 11:15:46 [DEBUG] LOG: [0.007930793, -0.14410101, 9.703999]
23-jul-2015 11:15:46 [DEBUG] LOG: [0.007930793, -0.14410101, 9.703999]
23-jul-2015 11:15:46 [DEBUG] LOG: [0.007930793, -0.14410101, 9.703999]
23-jul-2015 11:15:46 [DEBUG] LOG: [0.007930793, -0.14410101, 9.703999]
23-jul-2015 11:15:46 [DEBUG] LOG: [0.007930793, -0.14410101, 9.703999]
23-jul-2015 11:15:46 [DEBUG] LOG: [0.007930793, -0.14410101, 9.703999]
23-jul-2015 11:15:46 [DEBUG] LOG: [0.007930793, -0.14410101, 9.703999]
23-jul-2015 11:15:46 [DEBUG] LOG: [0.007930793, -0.14410101, 9.703999]
23-jul-2015 11:15:46 [DEBUG] LOG: [0.007930793, -0.14410101, 9.703999]
23-jul-2015 11:15:46 [DEBUG] LOG: [0.007930793, -0.14410101, 9.703999]
23-jul-2015 11:15:46 [DEBUG] LOG: [0.007930793, -0.14410101, 9.703999]
23-jul-2015 11:15:46 [DEBUG] LOG: [0.007930793, -0.14410101, 9.703999]
23-jul-2015 11:15:46 [DEBUG] LOG: [0.007930793, -0.14410101, 9.703999]
23-jul-2015 11:15:46 [DEBUG] LOG: [-0.016011223, -0.1225532, 9.672874]
23-jul-2015 11:15:46 [DEBUG] LOG: [-0.016011223, -0.1225532, 9.672874]
23-jul-2015 11:15:46 [DEBUG] LOG: [-0.016011223, -0.1225532, 9.672874]
23-jul-2015 11:15:46 [DEBUG] LOG: [-0.016011223, -0.1225532, 9.672874]
23-jul-2015 11:15:46 [DEBUG] LOG: [-0.016011223, -0.1225532, 9.672874]
23-jul-2015 11:15:46 [DEBUG] LOG: [-0.016011223, -0.1225532, 9.672874]
23-jul-2015 11:15:46 [DEBUG] LOG: [-0.016011223, -0.1225532, 9.672874]
23-jul-2015 11:15:46 [DEBUG] LOG: [-0.016011223, -0.1225532, 9.672874]
23-jul-2015 11:15:46 [DEBUG] LOG: [-0.016011223, -0.1225532, 9.672874]
23-jul-2015 11:15:46 [DEBUG] LOG: [-0.016011223, -0.1225532, 9.672874]
23-jul-2015 11:15:46 [DEBUG] LOG: [-0.016011223, -0.1225532, 9.672874]
23-jul-2015 11:15:46 [DEBUG] LOG: [-0.016011223, -0.1225532, 9.672874]
23-jul-2015 11:15:46 [DEBUG] LOG: [-0.016011223, -0.1225532, 9.672874]
23-jul-2015 11:15:46 [DEBUG] LOG: [-0.016011223, -0.1225532, 9.672874]
23-jul-2015 11:15:46 [DEBUG] LOG: [-0.016011223, -0.1225532, 9.672874]
23-jul-2015 11:15:46 [DEBUG] LOG: [-0.016011223, -0.1225532, 9.672874]
23-jul-2015 11:15:46 [DEBUG] LOG: [-0.016011223, -0.1225532, 9.672874]
23-jul-2015 11:15:46 [DEBUG] LOG: [-0.016011223, -0.1225532, 9.672874]
23-jul-2015 11:15:46 [DEBUG] LOG: [-0.016011223, -0.1225532, 9.672874]
23-jul-2015 11:15:46 [DEBUG] LOG: [-0.016011223, -0.1225532, 9.672874]
23-jul-2015 11:15:46 [DEBUG] LOG: [-0.016011223, -0.1225532, 9.672874]
23-jul-2015 11:15:46 [DEBUG] LOG: [-0.016011223, -0.1225532, 9.672874]
23-jul-2015 11:15:46 [DEBUG] LOG: [-0.016011223, -0.1225532, 9.672874]
23-jul-2015 11:15:46 [DEBUG] LOG: [-0.016011223, -0.1225532, 9.672874]
23-jul-2015 11:15:46 [DEBUG] LOG: [-0.016011223, -0.1225532, 9.672874]
23-jul-2015 11:15:46 [DEBUG] LOG: [-0.016011223, -0.1225532, 9.672874]
23-jul-2015 11:15:46 [DEBUG] LOG: [-0.016011223, -0.1225532, 9.672874]
23-jul-2015 11:15:47 [DEBUG] LOG: [-0.016011223, -0.1225532, 9.672874]
23-jul-2015 11:15:47 [DEBUG] LOG: [-0.016011223, -0.1225532, 9.672874]
23-jul-2015 11:15:47 [DEBUG] LOG: [-0.016011223, -0.1225532, 9.672874]
23-jul-2015 11:15:47 [DEBUG] LOG: [0.007930793, -0.1297358, 9.672874]
23-jul-2015 11:15:47 [DEBUG] LOG: [0.007930793, -0.1297358, 9.701605]
23-jul-2015 11:15:47 [DEBUG] LOG: [0.007930793, -0.1297358, 9.701605]
23-jul-2015 11:15:47 [DEBUG] LOG: [0.007930793, -0.1297358, 9.701605]
23-jul-2015 11:15:47 [DEBUG] LOG: [0.007930793, -0.1297358, 9.701605]
23-jul-2015 11:15:47 [DEBUG] LOG: [0.007930793, -0.1297358, 9.701605]
23-jul-2015 11:15:47 [DEBUG] LOG: [0.007930793, -0.1297358, 9.701605]
23-jul-2015 11:15:47 [DEBUG] LOG: [0.007930793, -0.1297358, 9.701605]
23-jul-2015 11:15:47 [DEBUG] LOG: [0.007930793, -0.1297358, 9.701605]
23-jul-2015 11:15:47 [DEBUG] LOG: [0.007930793, -0.1297358, 9.701605]
23-jul-2015 11:15:47 [DEBUG] LOG: [0.007930793, -0.1297358, 9.701605]
23-jul-2015 11:15:47 [DEBUG] LOG: [0.007930793, -0.1297358, 9.701605]
23-jul-2015 11:15:47 [DEBUG] LOG: [0.007930793, -0.1297358, 9.701605]
23-jul-2015 11:15:47 [DEBUG] LOG: [0.007930793, -0.1297358, 9.701605]
23-jul-2015 11:15:47 [DEBUG] LOG: [0.007930793, -0.1297358, 9.701605]
23-jul-2015 11:15:47 [DEBUG] LOG: [0.007930793, -0.1297358, 9.701605]
23-jul-2015 11:15:47 [DEBUG] LOG: [0.007930793, -0.1297358, 9.701605]
23-jul-2015 11:15:47 [DEBUG] LOG: [0.007930793, -0.1297358, 9.701605]
23-jul-2015 11:15:47 [DEBUG] LOG: [0.007930793, -0.1297358, 9.701605]
23-jul-2015 11:15:47 [DEBUG] LOG: [0.007930793, -0.1297358, 9.701605]
23-jul-2015 11:15:47 [DEBUG] LOG: [0.007930793, -0.1297358, 9.701605]
23-jul-2015 11:15:47 [DEBUG] LOG: [0.007930793, -0.1297358, 9.701605]
23-jul-2015 11:15:47 [DEBUG] LOG: [0.007930793, -0.1297358, 9.701605]
23-jul-2015 11:15:47 [DEBUG] LOG: [0.007930793, -0.1297358, 9.701605]
23-jul-2015 11:15:47 [DEBUG] LOG: [0.007930793, -0.1297358, 9.701605]
23-jul-2015 11:15:47 [DEBUG] LOG: [0.007930793, -0.1297358, 9.701605]
23-jul-2015 11:15:47 [DEBUG] LOG: [0.007930793, -0.1297358, 9.701605]
23-jul-2015 11:15:47 [DEBUG] LOG: [0.007930793, -0.1297358, 9.701605]
23-jul-2015 11:15:47 [DEBUG] LOG: [0.007930793, -0.1297358, 9.701605]
23-jul-2015 11:15:47 [DEBUG] LOG: [0.007930793, -0.1297358, 9.701605]
23-jul-2015 11:15:47 [DEBUG] LOG: [0.007930793, -0.1297358, 9.701605]
23-jul-2015 11:15:47 [DEBUG] LOG: [0.007930793, -0.1297358, 9.701605]
23-jul-2015 11:15:47 [DEBUG] LOG: [0.007930793, -0.1297358, 9.737517]
23-jul-2015 11:15:47 [DEBUG] LOG: [0.007930793, -0.1297358, 9.737517]
23-jul-2015 11:15:47 [DEBUG] LOG: [0.007930793, -0.1297358, 9.737517]
23-jul-2015 11:15:47 [DEBUG] LOG: [0.007930793, -0.1297358, 9.737517]
23-jul-2015 11:15:47 [DEBUG] LOG: [0.007930793, -0.1297358, 9.737517]
23-jul-2015 11:15:47 [DEBUG] LOG: [0.007930793, -0.1297358, 9.737517]
23-jul-2015 11:15:47 [DEBUG] LOG: [0.007930793, -0.1297358, 9.737517]
23-jul-2015 11:15:47 [DEBUG] LOG: [0.007930793, -0.1297358, 9.737517]
23-jul-2015 11:15:47 [DEBUG] LOG: [0.007930793, -0.1297358, 9.737517]
23-jul-2015 11:15:47 [DEBUG] LOG: [0.007930793, -0.1297358, 9.737517]
23-jul-2015 11:15:47 [DEBUG] LOG: [0.007930793, -0.1297358, 9.737517]
23-jul-2015 11:15:47 [DEBUG] LOG: [0.007930793, -0.1297358, 9.737517]
23-jul-2015 11:15:47 [DEBUG] LOG: [0.007930793, -0.1297358, 9.737517]
23-jul-2015 11:15:47 [DEBUG] LOG: [0.007930793, -0.1297358, 9.737517]
23-jul-2015 11:15:47 [DEBUG] LOG: [0.007930793, -0.1297358, 9.737517]
23-jul-2015 11:15:47 [DEBUG] LOG: [0.007930793, -0.1297358, 9.737517]
23-jul-2015 11:15:47 [DEBUG] LOG: [0.007930793, -0.1297358, 9.737517]
23-jul-2015 11:15:47 [DEBUG] LOG: [0.007930793, -0.1297358, 9.737517]
23-jul-2015 11:15:47 [DEBUG] LOG: [0.007930793, -0.1297358, 9.737517]
23-jul-2015 11:15:47 [DEBUG] LOG: [0.007930793, -0.1297358, 9.737517]
23-jul-2015 11:15:47 [DEBUG] LOG: [0.007930793, -0.1297358, 9.737517]
23-jul-2015 11:15:47 [DEBUG] LOG: [0.007930793, -0.1297358, 9.737517]
23-jul-2015 11:15:47 [DEBUG] LOG: [0.007930793, -0.1297358, 9.737517]
23-jul-2015 11:15:47 [DEBUG] LOG: [0.007930793, -0.1297358, 9.737517]
23-jul-2015 11:15:47 [DEBUG] LOG: [0.007930793, -0.1297358, 9.737517]
23-jul-2015 11:15:48 [DEBUG] LOG: [0.007930793, -0.1297358, 9.737517]
23-jul-2015 11:15:48 [DEBUG] LOG: [0.007930793, -0.1297358, 9.737517]
23-jul-2015 11:15:48 [DEBUG] LOG: [0.007930793, -0.1297358, 9.737517]
23-jul-2015 11:15:48 [DEBUG] LOG: [0.007930793, -0.1297358, 9.737517]
23-jul-2015 11:15:48 [DEBUG] LOG: [-0.023193829, -0.1273416, 9.689633]
23-jul-2015 11:15:48 [DEBUG] LOG: [-0.023193829, -0.1273416, 9.689633]
23-jul-2015 11:15:48 [DEBUG] LOG: [-0.023193829, -0.1273416, 9.689633]
23-jul-2015 11:15:48 [DEBUG] LOG: [-0.023193829, -0.1273416, 9.689633]
23-jul-2015 11:15:48 [DEBUG] LOG: [-0.023193829, -0.1273416, 9.689633]
23-jul-2015 11:15:48 [DEBUG] LOG: [-0.023193829, -0.1273416, 9.689633]
23-jul-2015 11:15:48 [DEBUG] LOG: [-0.023193829, -0.1273416, 9.689633]
23-jul-2015 11:15:48 [DEBUG] LOG: [-0.023193829, -0.1273416, 9.689633]
23-jul-2015 11:15:48 [DEBUG] LOG: [-0.023193829, -0.1273416, 9.689633]
23-jul-2015 11:15:48 [DEBUG] LOG: [-0.023193829, -0.1273416, 9.689633]
23-jul-2015 11:15:48 [DEBUG] LOG: [-0.023193829, -0.1273416, 9.689633]
23-jul-2015 11:15:48 [DEBUG] LOG: [-0.023193829, -0.1273416, 9.689633]
23-jul-2015 11:15:48 [DEBUG] LOG: [-0.023193829, -0.1273416, 9.689633]
23-jul-2015 11:15:48 [DEBUG] LOG: [-0.023193829, -0.1273416, 9.689633]
23-jul-2015 11:15:48 [DEBUG] LOG: [-0.023193829, -0.1273416, 9.689633]
23-jul-2015 11:15:48 [DEBUG] LOG: [-0.023193829, -0.1273416, 9.689633]
23-jul-2015 11:15:48 [DEBUG] LOG: [-0.023193829, -0.1273416, 9.689633]
23-jul-2015 11:15:48 [DEBUG] LOG: [-0.023193829, -0.1273416, 9.689633]
23-jul-2015 11:15:48 [DEBUG] LOG: [-0.023193829, -0.1273416, 9.689633]
23-jul-2015 11:15:48 [DEBUG] LOG: [-0.023193829, -0.1273416, 9.689633]
23-jul-2015 11:15:48 [DEBUG] LOG: [-0.023193829, -0.1273416, 9.689633]
23-jul-2015 11:15:48 [DEBUG] LOG: [-0.023193829, -0.1273416, 9.689633]
23-jul-2015 11:15:48 [DEBUG] LOG: [-0.023193829, -0.1273416, 9.689633]
23-jul-2015 11:15:48 [DEBUG] LOG: [-0.023193829, -0.1273416, 9.689633]
23-jul-2015 11:15:48 [DEBUG] LOG: [-0.023193829, -0.1273416, 9.689633]
23-jul-2015 11:15:48 [DEBUG] LOG: [-0.023193829, -0.1273416, 9.689633]
23-jul-2015 11:15:48 [DEBUG] LOG: [-0.023193829, -0.1273416, 9.689633]
23-jul-2015 11:15:48 [DEBUG] LOG: [-0.023193829, -0.1273416, 9.689633]
23-jul-2015 11:15:48 [DEBUG] LOG: [-0.023193829, -0.1273416, 9.689633]
23-jul-2015 11:15:48 [DEBUG] LOG: [-0.023193829, -0.1273416, 9.689633]
23-jul-2015 11:15:48 [DEBUG] LOG: [-0.023193829, -0.1273416, 9.689633]
23-jul-2015 11:15:48 [DEBUG] LOG: [-0.023193829, -0.1273416, 9.689633]
23-jul-2015 11:15:48 [DEBUG] LOG: [0.034267012, -0.1297358, 9.696816]
23-jul-2015 11:15:48 [DEBUG] LOG: [0.034267012, -0.1297358, 9.696816]
23-jul-2015 11:15:48 [DEBUG] LOG: [0.034267012, -0.1297358, 9.696816]
23-jul-2015 11:15:48 [DEBUG] LOG: [0.034267012, -0.1297358, 9.696816]
23-jul-2015 11:15:48 [DEBUG] LOG: [0.034267012, -0.1297358, 9.696816]
23-jul-2015 11:15:48 [DEBUG] LOG: [0.034267012, -0.1297358, 9.696816]
23-jul-2015 11:15:48 [DEBUG] LOG: [0.034267012, -0.1297358, 9.696816]
23-jul-2015 11:15:48 [DEBUG] LOG: [0.034267012, -0.1297358, 9.696816]
23-jul-2015 11:15:48 [DEBUG] LOG: [0.034267012, -0.1297358, 9.696816]
23-jul-2015 11:15:48 [DEBUG] LOG: [0.034267012, -0.1297358, 9.696816]
23-jul-2015 11:15:48 [DEBUG] LOG: [0.034267012, -0.1297358, 9.696816]
23-jul-2015 11:15:48 [DEBUG] LOG: [0.034267012, -0.1297358, 9.696816]
23-jul-2015 11:15:48 [DEBUG] LOG: [0.034267012, -0.1297358, 9.696816]
23-jul-2015 11:15:48 [DEBUG] LOG: [0.034267012, -0.1297358, 9.696816]
23-jul-2015 11:15:48 [DEBUG] LOG: [0.034267012, -0.1297358, 9.696816]
23-jul-2015 11:15:48 [DEBUG] LOG: [0.034267012, -0.1297358, 9.696816]
23-jul-2015 11:15:48 [DEBUG] LOG: [0.034267012, -0.1297358, 9.696816]
23-jul-2015 11:15:48 [DEBUG] LOG: [0.034267012, -0.1297358, 9.696816]
23-jul-2015 11:15:48 [DEBUG] LOG: [0.034267012, -0.1297358, 9.696816]
23-jul-2015 11:15:48 [DEBUG] LOG: [0.034267012, -0.1297358, 9.696816]
23-jul-2015 11:15:48 [DEBUG] LOG: [0.034267012, -0.1297358, 9.696816]
23-jul-2015 11:15:48 [DEBUG] LOG: [0.034267012, -0.1297358, 9.696816]
23-jul-2015 11:15:48 [DEBUG] LOG: [0.034267012, -0.1297358, 9.696816]
23-jul-2015 11:15:48 [DEBUG] LOG: [0.034267012, -0.1297358, 9.696816]
23-jul-2015 11:15:49 [DEBUG] LOG: [0.034267012, -0.1297358, 9.696816]
23-jul-2015 11:15:49 [DEBUG] LOG: [0.034267012, -0.1297358, 9.696816]
23-jul-2015 11:15:49 [DEBUG] LOG: [0.034267012, -0.1297358, 9.696816]
23-jul-2015 11:15:49 [DEBUG] LOG: [0.034267012, -0.1297358, 9.696816]
23-jul-2015 11:15:49 [DEBUG] LOG: [0.034267012, -0.1297358, 9.696816]
23-jul-2015 11:15:49 [DEBUG] LOG: [0.034267012, -0.1297358, 9.696816]
23-jul-2015 11:15:49 [DEBUG] LOG: [0.034267012, -0.1297358, 9.696816]
23-jul-2015 11:15:49 [DEBUG] LOG: [-0.004040215, -0.10339958, 9.720758]
23-jul-2015 11:15:49 [DEBUG] LOG: [-0.004040215, -0.10339958, 9.720758]
23-jul-2015 11:15:49 [DEBUG] LOG: [-0.004040215, -0.10339958, 9.720758]
23-jul-2015 11:15:49 [DEBUG] LOG: [-0.004040215, -0.10339958, 9.720758]
23-jul-2015 11:15:49 [DEBUG] LOG: [-0.004040215, -0.10339958, 9.720758]
23-jul-2015 11:15:49 [DEBUG] LOG: [-0.004040215, -0.10339958, 9.720758]
23-jul-2015 11:15:49 [DEBUG] LOG: [-0.004040215, -0.10339958, 9.720758]
23-jul-2015 11:15:49 [DEBUG] LOG: [-0.004040215, -0.10339958, 9.720758]
23-jul-2015 11:15:49 [DEBUG] LOG: [-0.004040215, -0.10339958, 9.720758]
23-jul-2015 11:15:49 [DEBUG] LOG: [-0.004040215, -0.10339958, 9.720758]
23-jul-2015 11:15:49 [DEBUG] LOG: [-0.004040215, -0.10339958, 9.720758]
23-jul-2015 11:15:49 [DEBUG] LOG: [-0.004040215, -0.10339958, 9.720758]
23-jul-2015 11:15:49 [DEBUG] LOG: [-0.004040215, -0.10339958, 9.720758]
23-jul-2015 11:15:49 [DEBUG] LOG: [-0.004040215, -0.10339958, 9.720758]
23-jul-2015 11:15:49 [DEBUG] LOG: [-0.004040215, -0.10339958, 9.720758]
23-jul-2015 11:15:49 [DEBUG] LOG: [-0.004040215, -0.10339958, 9.720758]
23-jul-2015 11:15:49 [DEBUG] LOG: [-0.004040215, -0.10339958, 9.720758]
23-jul-2015 11:15:49 [DEBUG] LOG: [-0.004040215, -0.10339958, 9.720758]
23-jul-2015 11:15:49 [DEBUG] LOG: [-0.004040215, -0.10339958, 9.720758]
23-jul-2015 11:15:49 [DEBUG] LOG: [-0.004040215, -0.10339958, 9.720758]
23-jul-2015 11:15:49 [DEBUG] LOG: [-0.004040215, -0.10339958, 9.720758]
23-jul-2015 11:15:49 [DEBUG] LOG: [-0.004040215, -0.10339958, 9.720758]
23-jul-2015 11:15:49 [DEBUG] LOG: [-0.004040215, -0.10339958, 9.720758]
23-jul-2015 11:15:49 [DEBUG] LOG: [-0.004040215, -0.10339958, 9.720758]
23-jul-2015 11:15:49 [DEBUG] LOG: [-0.004040215, -0.10339958, 9.720758]
23-jul-2015 11:15:49 [DEBUG] LOG: [-0.004040215, -0.10339958, 9.720758]
23-jul-2015 11:15:49 [DEBUG] LOG: [-0.004040215, -0.10339958, 9.720758]
23-jul-2015 11:15:49 [DEBUG] LOG: [-0.004040215, -0.10339958, 9.720758]
23-jul-2015 11:15:49 [DEBUG] LOG: [-0.004040215, -0.10339958, 9.720758]
23-jul-2015 11:15:49 [DEBUG] LOG: [-0.6768109, -0.65406597, 9.8955345]
23-jul-2015 11:15:49 [DEBUG] LOG: [-0.6768109, -0.65406597, 9.8955345]
23-jul-2015 11:15:49 [DEBUG] LOG: [-0.6768109, -0.65406597, 9.8955345]
23-jul-2015 11:15:49 [DEBUG] LOG: [-0.6768109, -0.65406597, 9.8955345]
23-jul-2015 11:15:49 [DEBUG] LOG: [-0.6768109, -0.65406597, 9.8955345]
23-jul-2015 11:15:49 [DEBUG] LOG: [-0.6768109, -0.65406597, 9.8955345]
23-jul-2015 11:15:49 [DEBUG] LOG: [-0.6768109, -0.65406597, 9.8955345]
23-jul-2015 11:15:49 [DEBUG] LOG: [-0.6768109, -0.65406597, 9.8955345]
23-jul-2015 11:15:49 [DEBUG] LOG: [-0.6768109, -0.65406597, 9.8955345]
23-jul-2015 11:15:49 [DEBUG] LOG: [-0.6768109, -0.65406597, 9.8955345]
23-jul-2015 11:15:49 [DEBUG] LOG: [-0.6768109, -0.65406597, 9.8955345]
23-jul-2015 11:15:49 [DEBUG] LOG: [-0.6768109, -0.65406597, 9.8955345]
23-jul-2015 11:15:49 [DEBUG] LOG: [-0.6768109, -0.65406597, 9.8955345]
23-jul-2015 11:15:49 [DEBUG] LOG: [-0.6768109, -0.65406597, 9.8955345]
23-jul-2015 11:15:49 [DEBUG] LOG: [-0.6768109, -0.65406597, 9.8955345]
23-jul-2015 11:15:49 [DEBUG] LOG: [-0.6768109, -0.65406597, 9.8955345]
23-jul-2015 11:15:49 [DEBUG] LOG: [-0.6768109, -0.65406597, 9.8955345]
23-jul-2015 11:15:49 [DEBUG] LOG: [-0.6768109, -0.65406597, 9.8955345]
23-jul-2015 11:15:49 [DEBUG] LOG: [-0.6768109, -0.65406597, 9.8955345]
23-jul-2015 11:15:49 [DEBUG] LOG: [-0.6768109, -0.65406597, 9.8955345]
23-jul-2015 11:15:49 [DEBUG] LOG: [-0.6768109, -0.65406597, 9.8955345]
23-jul-2015 11:15:49 [DEBUG] LOG: [-0.6768109, -0.65406597, 9.8955345]
23-jul-2015 11:15:49 [DEBUG] LOG: [-0.6768109, -0.65406597, 9.8955345]
23-jul-2015 11:15:49 [DEBUG] LOG: [-0.6768109, -0.65406597, 9.8955345]
23-jul-2015 11:15:50 [DEBUG] LOG: [-0.6768109, -0.65406597, 9.8955345]
23-jul-2015 11:15:50 [DEBUG] LOG: [-0.6768109, -0.65406597, 9.8955345]
23-jul-2015 11:15:50 [DEBUG] LOG: [-0.6768109, -0.65406597, 9.8955345]
23-jul-2015 11:15:50 [DEBUG] LOG: [-0.6768109, -0.65406597, 9.8955345]
23-jul-2015 11:15:50 [DEBUG] LOG: [-0.6768109, -0.65406597, 9.8955345]
23-jul-2015 11:15:50 [DEBUG] LOG: [-0.6768109, -0.65406597, 9.8955345]
23-jul-2015 11:15:50 [DEBUG] LOG: [-0.6768109, -0.65406597, 9.8955345]
23-jul-2015 11:15:50 [DEBUG] LOG: [0.08933365, -0.30211833, 9.783008]
23-jul-2015 11:15:50 [DEBUG] LOG: [0.08933365, -0.30211833, 9.783008]
23-jul-2015 11:15:50 [DEBUG] LOG: [0.08933365, -0.30211833, 9.783008]
23-jul-2015 11:15:50 [DEBUG] LOG: [0.08933365, -0.30211833, 9.783008]
23-jul-2015 11:15:50 [DEBUG] LOG: [0.08933365, -0.30211833, 9.783008]
23-jul-2015 11:15:50 [DEBUG] LOG: [0.08933365, -0.30211833, 9.783008]
23-jul-2015 11:15:50 [DEBUG] LOG: [0.08933365, -0.30211833, 9.783008]
23-jul-2015 11:15:50 [DEBUG] LOG: [0.08933365, -0.30211833, 9.783008]
23-jul-2015 11:15:50 [DEBUG] LOG: [0.08933365, -0.30211833, 9.783008]
23-jul-2015 11:15:50 [DEBUG] LOG: [0.08933365, -0.30211833, 9.783008]
23-jul-2015 11:15:50 [DEBUG] LOG: [0.08933365, -0.30211833, 9.783008]
23-jul-2015 11:15:50 [DEBUG] LOG: [0.08933365, -0.30211833, 9.783008]
23-jul-2015 11:15:50 [DEBUG] LOG: [0.08933365, -0.30211833, 9.783008]
23-jul-2015 11:15:50 [DEBUG] LOG: [0.08933365, -0.30211833, 9.783008]
23-jul-2015 11:15:50 [DEBUG] LOG: [0.08933365, -0.30211833, 9.783008]
23-jul-2015 11:15:50 [DEBUG] LOG: [0.08933365, -0.30211833, 9.783008]
23-jul-2015 11:15:50 [DEBUG] LOG: [0.08933365, -0.30211833, 9.783008]
23-jul-2015 11:15:50 [DEBUG] LOG: [0.08933365, -0.30211833, 9.783008]
23-jul-2015 11:15:50 [DEBUG] LOG: [0.08933365, -0.30211833, 9.783008]
23-jul-2015 11:15:50 [DEBUG] LOG: [0.08933365, -0.30211833, 9.783008]
23-jul-2015 11:15:50 [DEBUG] LOG: [0.08933365, -0.30211833, 9.783008]
23-jul-2015 11:15:50 [DEBUG] LOG: [0.08933365, -0.30211833, 9.783008]
23-jul-2015 11:15:50 [DEBUG] LOG: [0.08933365, -0.30211833, 9.783008]
23-jul-2015 11:15:50 [DEBUG] LOG: [0.08933365, -0.30211833, 9.783008]
23-jul-2015 11:15:50 [DEBUG] LOG: [0.08933365, -0.30211833, 9.783008]
23-jul-2015 11:15:50 [DEBUG] LOG: [0.08933365, -0.30211833, 9.783008]
23-jul-2015 11:15:50 [DEBUG] LOG: [0.08933365, -0.30211833, 9.783008]
23-jul-2015 11:15:50 [DEBUG] LOG: [0.08933365, -0.30211833, 9.783008]
23-jul-2015 11:15:50 [DEBUG] LOG: [0.08933365, -0.30211833, 9.783008]
23-jul-2015 11:15:50 [DEBUG] LOG: [0.08933365, -0.30211833, 9.783008]
23-jul-2015 11:15:50 [DEBUG] LOG: [0.08933365, -0.30211833, 9.783008]
23-jul-2015 11:15:50 [DEBUG] LOG: [0.08933365, -0.30211833, 9.783008]
23-jul-2015 11:15:50 [DEBUG] LOG: [0.44846392, -1.0802339, 9.931448]
23-jul-2015 11:15:50 [DEBUG] LOG: [0.44846392, -1.0802339, 9.931448]
23-jul-2015 11:15:50 [DEBUG] LOG: [0.44846392, -1.0802339, 9.931448]
23-jul-2015 11:15:50 [DEBUG] LOG: [0.44846392, -1.0802339, 9.931448]
23-jul-2015 11:15:50 [DEBUG] LOG: [0.44846392, -1.0802339, 9.931448]
23-jul-2015 11:15:50 [DEBUG] LOG: [0.44846392, -1.0802339, 9.931448]
23-jul-2015 11:15:50 [DEBUG] LOG: [0.44846392, -1.0802339, 9.931448]
23-jul-2015 11:15:50 [DEBUG] LOG: [0.44846392, -1.0802339, 9.931448]
23-jul-2015 11:15:50 [DEBUG] LOG: [0.44846392, -1.0802339, 9.931448]
23-jul-2015 11:15:50 [DEBUG] LOG: [0.44846392, -1.0802339, 9.931448]
23-jul-2015 11:15:50 [DEBUG] LOG: [0.44846392, -1.0802339, 9.931448]
23-jul-2015 11:15:50 [DEBUG] LOG: [0.44846392, -1.0802339, 9.931448]
23-jul-2015 11:15:50 [DEBUG] LOG: [0.44846392, -1.0802339, 9.931448]
23-jul-2015 11:15:50 [DEBUG] LOG: [0.44846392, -1.0802339, 9.931448]
23-jul-2015 11:15:50 [DEBUG] LOG: [0.44846392, -1.0802339, 9.931448]
23-jul-2015 11:15:50 [DEBUG] LOG: [0.44846392, -1.0802339, 9.931448]
23-jul-2015 11:15:50 [DEBUG] LOG: [0.44846392, -1.0802339, 9.931448]
23-jul-2015 11:15:50 [DEBUG] LOG: [0.44846392, -1.0802339, 9.931448]
23-jul-2015 11:15:50 [DEBUG] LOG: [0.44846392, -1.0802339, 9.931448]
23-jul-2015 11:15:50 [DEBUG] LOG: [0.44846392, -1.0802339, 9.931448]
23-jul-2015 11:15:50 [DEBUG] LOG: [0.44846392, -1.0802339, 9.931448]
23-jul-2015 11:15:51 [DEBUG] LOG: [0.44846392, -1.0802339, 9.931448]
23-jul-2015 11:15:51 [DEBUG] LOG: [0.44846392, -1.0802339, 9.931448]
23-jul-2015 11:15:51 [DEBUG] LOG: [0.44846392, -1.0802339, 9.931448]
23-jul-2015 11:15:51 [DEBUG] LOG: [0.44846392, -1.0802339, 9.931448]
23-jul-2015 11:15:51 [DEBUG] LOG: [0.44846392, -1.0802339, 9.931448]
23-jul-2015 11:15:51 [DEBUG] LOG: [0.44846392, -1.0802339, 9.931448]
23-jul-2015 11:15:51 [DEBUG] LOG: [0.44846392, -1.0802339, 9.931448]
23-jul-2015 11:15:51 [DEBUG] LOG: [0.44846392, -1.0802339, 9.931448]
23-jul-2015 11:15:51 [DEBUG] LOG: [0.44846392, -1.0802339, 9.931448]
23-jul-2015 11:15:51 [DEBUG] LOG: [1.8227357, 2.6499324, 9.000103]
23-jul-2015 11:15:51 [DEBUG] LOG: [1.8227357, 2.6499324, 9.000103]
23-jul-2015 11:15:51 [DEBUG] LOG: [1.8227357, 2.6499324, 9.000103]
23-jul-2015 11:15:51 [DEBUG] LOG: [1.8227357, 2.6499324, 9.000103]
23-jul-2015 11:15:51 [DEBUG] LOG: [1.8227357, 2.6499324, 9.000103]
23-jul-2015 11:15:51 [DEBUG] LOG: [1.8227357, 2.6499324, 9.000103]
23-jul-2015 11:15:51 [DEBUG] LOG: [1.8227357, 2.6499324, 9.000103]
23-jul-2015 11:15:51 [DEBUG] LOG: [1.8227357, 2.6499324, 9.000103]
23-jul-2015 11:15:51 [DEBUG] LOG: [1.8227357, 2.6499324, 9.000103]
23-jul-2015 11:15:51 [DEBUG] LOG: [1.8227357, 2.6499324, 9.000103]
23-jul-2015 11:15:51 [DEBUG] LOG: [1.8227357, 2.6499324, 9.000103]
23-jul-2015 11:15:51 [DEBUG] LOG: [1.8227357, 2.6499324, 9.000103]
23-jul-2015 11:15:51 [DEBUG] LOG: [1.8227357, 2.6499324, 9.000103]
23-jul-2015 11:15:51 [DEBUG] LOG: [1.8227357, 2.6499324, 9.000103]
23-jul-2015 11:15:51 [DEBUG] LOG: [1.8227357, 2.6499324, 9.000103]
23-jul-2015 11:15:51 [DEBUG] LOG: [1.8227357, 2.6499324, 9.000103]
23-jul-2015 11:15:51 [DEBUG] LOG: [1.8227357, 2.6499324, 9.000103]
23-jul-2015 11:15:51 [DEBUG] LOG: [1.8227357, 2.6499324, 9.000103]
23-jul-2015 11:15:51 [DEBUG] LOG: [1.8227357, 2.6499324, 9.000103]
23-jul-2015 11:15:51 [DEBUG] LOG: [1.8227357, 2.6499324, 9.000103]
23-jul-2015 11:15:51 [DEBUG] LOG: [1.8227357, 2.6499324, 9.000103]
23-jul-2015 11:15:51 [DEBUG] LOG: [1.8227357, 2.6499324, 9.000103]
23-jul-2015 11:15:51 [DEBUG] LOG: [1.8227357, 2.6499324, 9.000103]
23-jul-2015 11:15:51 [DEBUG] LOG: [1.8227357, 2.6499324, 9.000103]
23-jul-2015 11:15:51 [DEBUG] LOG: [1.8227357, 2.6499324, 9.000103]
23-jul-2015 11:15:51 [DEBUG] LOG: [1.8227357, 2.6499324, 9.000103]
23-jul-2015 11:15:51 [DEBUG] LOG: [1.8227357, 2.6499324, 9.000103]
23-jul-2015 11:15:51 [DEBUG] LOG: [1.8227357, 2.6499324, 9.000103]
23-jul-2015 11:15:51 [DEBUG] LOG: [1.8227357, 2.6499324, 9.000103]
23-jul-2015 11:15:51 [DEBUG] LOG: [1.8227357, 2.6499324, 9.000103]
23-jul-2015 11:15:51 [DEBUG] LOG: [0.8195652, 3.8374565, 9.141361]
23-jul-2015 11:15:51 [DEBUG] LOG: [0.8195652, 3.8374565, 9.141361]
23-jul-2015 11:15:51 [DEBUG] LOG: [0.8195652, 3.8374565, 9.141361]
23-jul-2015 11:15:51 [DEBUG] LOG: [0.8195652, 3.8374565, 9.141361]
23-jul-2015 11:15:51 [DEBUG] LOG: [0.8195652, 3.8374565, 9.141361]
23-jul-2015 11:15:51 [DEBUG] LOG: [0.8195652, 3.8374565, 9.141361]
23-jul-2015 11:15:51 [DEBUG] LOG: [0.8195652, 3.8374565, 9.141361]
23-jul-2015 11:15:51 [DEBUG] LOG: [0.8195652, 3.8374565, 9.141361]
23-jul-2015 11:15:51 [DEBUG] LOG: [0.8195652, 3.8374565, 9.141361]
23-jul-2015 11:15:51 [DEBUG] LOG: [0.8195652, 3.8374565, 9.141361]
23-jul-2015 11:15:51 [DEBUG] LOG: [0.8195652, 3.8374565, 9.141361]
23-jul-2015 11:15:51 [DEBUG] LOG: [0.8195652, 3.8374565, 9.141361]
23-jul-2015 11:15:51 [DEBUG] LOG: [0.8195652, 3.8374565, 9.141361]
23-jul-2015 11:15:51 [DEBUG] LOG: [0.8195652, 3.8374565, 9.141361]
23-jul-2015 11:15:51 [DEBUG] LOG: [0.8195652, 3.8374565, 9.141361]
23-jul-2015 11:15:51 [DEBUG] LOG: [0.8195652, 3.8374565, 9.141361]
23-jul-2015 11:15:51 [DEBUG] LOG: [0.8195652, 3.8374565, 9.141361]
23-jul-2015 11:15:51 [DEBUG] LOG: [0.8195652, 3.8374565, 9.141361]
23-jul-2015 11:15:51 [DEBUG] LOG: [0.8195652, 3.8374565, 9.141361]
23-jul-2015 11:15:51 [DEBUG] LOG: [0.8195652, 3.8374565, 9.141361]
23-jul-2015 11:15:51 [DEBUG] LOG: [0.8195652, 3.8374565, 9.141361]
23-jul-2015 11:15:52 [DEBUG] LOG: [0.8195652, 3.8374565, 9.141361]
23-jul-2015 11:15:52 [DEBUG] LOG: [0.8195652, 3.8374565, 9.141361]
23-jul-2015 11:15:52 [DEBUG] LOG: [0.8195652, 3.8374565, 9.141361]
23-jul-2015 11:15:52 [DEBUG] LOG: [0.8195652, 3.8374565, 9.141361]
23-jul-2015 11:15:52 [DEBUG] LOG: [0.8195652, 3.8374565, 9.141361]
23-jul-2015 11:15:52 [DEBUG] LOG: [0.8195652, 3.8374565, 9.141361]
23-jul-2015 11:15:52 [DEBUG] LOG: [0.8195652, 3.8374565, 9.141361]
23-jul-2015 11:15:52 [DEBUG] LOG: [0.8195652, 3.8374565, 9.141361]
23-jul-2015 11:15:52 [DEBUG] LOG: [0.8195652, 3.8374565, 9.141361]
23-jul-2015 11:15:52 [DEBUG] LOG: [0.8195652, 3.8374565, 9.141361]
23-jul-2015 11:15:52 [DEBUG] LOG: [0.6926725, 3.3035495, -3.0331542]
23-jul-2015 11:15:52 [DEBUG] LOG: [0.6926725, 3.3035495, -3.0331542]
23-jul-2015 11:15:52 [DEBUG] LOG: [0.6926725, 3.3035495, -3.0331542]
23-jul-2015 11:15:52 [DEBUG] LOG: [0.6926725, 3.3035495, -3.0331542]
23-jul-2015 11:15:52 [DEBUG] LOG: [0.6926725, 3.3035495, -3.0331542]
23-jul-2015 11:15:52 [DEBUG] LOG: [0.6926725, 3.3035495, -3.0331542]
23-jul-2015 11:15:52 [DEBUG] LOG: [0.6926725, 3.3035495, -3.0331542]
23-jul-2015 11:15:52 [DEBUG] LOG: [0.6926725, 3.3035495, -3.0331542]
23-jul-2015 11:15:52 [DEBUG] LOG: [0.6926725, 3.3035495, -3.0331542]
23-jul-2015 11:15:52 [DEBUG] LOG: [0.6926725, 3.3035495, -3.0331542]
23-jul-2015 11:15:52 [DEBUG] LOG: [0.6926725, 3.3035495, -3.0331542]
23-jul-2015 11:15:52 [DEBUG] LOG: [0.6926725, 3.3035495, -3.0331542]
23-jul-2015 11:15:52 [DEBUG] LOG: [0.6926725, 3.3035495, -3.0331542]
23-jul-2015 11:15:52 [DEBUG] LOG: [0.6926725, 3.3035495, -3.0331542]
23-jul-2015 11:15:52 [DEBUG] LOG: [0.6926725, 3.3035495, -3.0331542]
23-jul-2015 11:15:52 [DEBUG] LOG: [0.6926725, 3.3035495, -3.0331542]
23-jul-2015 11:15:52 [DEBUG] LOG: [0.6926725, 3.3035495, -3.0331542]
23-jul-2015 11:15:52 [DEBUG] LOG: [0.6926725, 3.3035495, -3.0331542]
23-jul-2015 11:15:52 [DEBUG] LOG: [0.6926725, 3.3035495, -3.0331542]
23-jul-2015 11:15:52 [DEBUG] LOG: [0.6926725, 3.3035495, -3.0331542]
23-jul-2015 11:15:52 [DEBUG] LOG: [0.6926725, 3.3035495, -3.0331542]
23-jul-2015 11:15:52 [DEBUG] LOG: [0.6926725, 3.3035495, -3.0331542]
23-jul-2015 11:15:52 [DEBUG] LOG: [0.6926725, 3.3035495, -3.0331542]
23-jul-2015 11:15:52 [DEBUG] LOG: [0.6926725, 3.3035495, -3.0331542]
23-jul-2015 11:15:52 [DEBUG] LOG: [0.6926725, 3.3035495, -3.0331542]
23-jul-2015 11:15:52 [DEBUG] LOG: [0.6926725, 3.3035495, -3.0331542]
23-jul-2015 11:15:52 [DEBUG] LOG: [0.6926725, 3.3035495, -3.0331542]
23-jul-2015 11:15:52 [DEBUG] LOG: [0.6926725, 3.3035495, -3.0331542]
23-jul-2015 11:15:52 [DEBUG] LOG: [0.6926725, 3.3035495, -3.0331542]
23-jul-2015 11:15:52 [DEBUG] LOG: [0.6926725, 3.3035495, -3.0331542]
23-jul-2015 11:15:52 [DEBUG] LOG: [0.6926725, 3.3035495, -3.0331542]
23-jul-2015 11:15:52 [DEBUG] LOG: [-0.032770637, 5.233276, -14.812627]
23-jul-2015 11:15:52 [DEBUG] LOG: [-0.032770637, 5.233276, -14.812627]
23-jul-2015 11:15:52 [DEBUG] LOG: [-0.032770637, 5.233276, -14.812627]
23-jul-2015 11:15:52 [DEBUG] LOG: [-0.032770637, 5.233276, -14.812627]
23-jul-2015 11:15:52 [DEBUG] LOG: [-0.032770637, 5.233276, -14.812627]
23-jul-2015 11:15:52 [DEBUG] LOG: [-0.032770637, 5.233276, -14.812627]
23-jul-2015 11:15:52 [DEBUG] LOG: [-0.032770637, 5.233276, -14.812627]
23-jul-2015 11:15:52 [DEBUG] LOG: [-0.032770637, 5.233276, -14.812627]
23-jul-2015 11:15:52 [DEBUG] LOG: [-0.032770637, 5.233276, -14.812627]
23-jul-2015 11:15:52 [DEBUG] LOG: [-0.032770637, 5.233276, -14.812627]
23-jul-2015 11:15:52 [DEBUG] LOG: [-0.032770637, 5.233276, -14.812627]
23-jul-2015 11:15:52 [DEBUG] LOG: [-0.032770637, 5.233276, -14.812627]
23-jul-2015 11:15:52 [DEBUG] LOG: [-0.032770637, 5.233276, -14.812627]
23-jul-2015 11:15:52 [DEBUG] LOG: [-0.032770637, 5.233276, -14.812627]
23-jul-2015 11:15:52 [DEBUG] LOG: [-0.032770637, 5.233276, -14.812627]
23-jul-2015 11:15:52 [DEBUG] LOG: [-0.032770637, 5.233276, -14.812627]
23-jul-2015 11:15:52 [DEBUG] LOG: [-0.032770637, 5.233276, -14.812627]
23-jul-2015 11:15:52 [DEBUG] LOG: [-0.032770637, 5.233276, -14.812627]
23-jul-2015 11:15:52 [DEBUG] LOG: [-0.032770637, 5.233276, -14.812627]
23-jul-2015 11:15:53 [DEBUG] LOG: [-0.032770637, 5.233276, -14.812627]
23-jul-2015 11:15:53 [DEBUG] LOG: [-0.032770637, 5.233276, -14.812627]
23-jul-2015 11:15:53 [DEBUG] LOG: [-0.032770637, 5.233276, -14.812627]
23-jul-2015 11:15:53 [DEBUG] LOG: [-0.032770637, 5.233276, -14.812627]
23-jul-2015 11:15:53 [DEBUG] LOG: [-0.032770637, 5.233276, -14.812627]
23-jul-2015 11:15:53 [DEBUG] LOG: [-0.032770637, 5.233276, -14.812627]
23-jul-2015 11:15:53 [DEBUG] LOG: [-0.032770637, 5.233276, -14.812627]
23-jul-2015 11:15:53 [DEBUG] LOG: [-0.032770637, 5.233276, -14.812627]
23-jul-2015 11:15:53 [DEBUG] LOG: [-0.032770637, 5.233276, -14.812627]
23-jul-2015 11:15:53 [DEBUG] LOG: [-0.032770637, 5.233276, -14.812627]
23-jul-2015 11:15:53 [DEBUG] LOG: [-0.032770637, 5.233276, -14.812627]
23-jul-2015 11:15:53 [DEBUG] LOG: [0.6998551, 0.44487262, 9.857227]
23-jul-2015 11:15:53 [DEBUG] LOG: [0.6998551, 0.44487262, 9.857227]
23-jul-2015 11:15:53 [DEBUG] LOG: [0.6998551, 0.44487262, 9.857227]
23-jul-2015 11:15:53 [DEBUG] LOG: [0.6998551, 0.44487262, 9.857227]
23-jul-2015 11:15:53 [DEBUG] LOG: [0.6998551, 0.44487262, 9.857227]
23-jul-2015 11:15:53 [DEBUG] LOG: [0.6998551, 0.44487262, 9.857227]
23-jul-2015 11:15:53 [DEBUG] LOG: [0.6998551, 0.44487262, 9.857227]
23-jul-2015 11:15:53 [DEBUG] LOG: [0.6998551, 0.44487262, 9.857227]
23-jul-2015 11:15:53 [DEBUG] LOG: [0.6998551, 0.44487262, 9.857227]
23-jul-2015 11:15:53 [DEBUG] LOG: [0.6998551, 0.44487262, 9.857227]
23-jul-2015 11:15:53 [DEBUG] LOG: [0.6998551, 0.44487262, 9.857227]
23-jul-2015 11:15:53 [DEBUG] LOG: [0.6998551, 0.44487262, 9.857227]
23-jul-2015 11:15:53 [DEBUG] LOG: [0.6998551, 0.44487262, 9.857227]
23-jul-2015 11:15:53 [DEBUG] LOG: [0.6998551, 0.44487262, 9.857227]
23-jul-2015 11:15:53 [DEBUG] LOG: [0.6998551, 0.44487262, 9.857227]
23-jul-2015 11:15:53 [DEBUG] LOG: [0.6998551, 0.44487262, 9.857227]
23-jul-2015 11:15:53 [DEBUG] LOG: [0.6998551, 0.44487262, 9.857227]
23-jul-2015 11:15:53 [DEBUG] LOG: [0.6998551, 0.44487262, 9.857227]
23-jul-2015 11:15:53 [DEBUG] LOG: [0.6998551, 0.44487262, 9.857227]
23-jul-2015 11:15:53 [DEBUG] LOG: [0.6998551, 0.44487262, 9.857227]
23-jul-2015 11:15:53 [DEBUG] LOG: [0.6998551, 0.44487262, 9.857227]
23-jul-2015 11:15:53 [DEBUG] LOG: [0.6998551, 0.44487262, 9.857227]
23-jul-2015 11:15:53 [DEBUG] LOG: [0.6998551, 0.44487262, 9.857227]
23-jul-2015 11:15:53 [DEBUG] LOG: [0.6998551, 0.44487262, 9.857227]
23-jul-2015 11:15:53 [DEBUG] LOG: [0.6998551, 0.44487262, 9.857227]
23-jul-2015 11:15:53 [DEBUG] LOG: [0.6998551, 0.44487262, 9.857227]
23-jul-2015 11:15:53 [DEBUG] LOG: [0.6998551, 0.44487262, 9.857227]
23-jul-2015 11:15:53 [DEBUG] LOG: [0.6998551, 0.44487262, 9.857227]
23-jul-2015 11:15:53 [DEBUG] LOG: [0.6998551, 0.44487262, 9.857227]
23-jul-2015 11:15:53 [DEBUG] LOG: [0.6998551, 0.44487262, 9.857227]
23-jul-2015 11:15:53 [DEBUG] LOG: [0.6998551, 0.44487262, 9.857227]
23-jul-2015 11:15:53 [DEBUG] LOG: [-1.0694599, 1.2397475, 9.581895]
23-jul-2015 11:15:53 [DEBUG] LOG: [-1.0694599, 1.2397475, 9.581895]
23-jul-2015 11:15:53 [DEBUG] LOG: [-1.0694599, 1.2397475, 9.581895]
23-jul-2015 11:15:53 [DEBUG] LOG: [-1.0694599, 1.2397475, 9.581895]
23-jul-2015 11:15:53 [DEBUG] LOG: [-1.0694599, 1.2397475, 9.581895]
23-jul-2015 11:15:53 [DEBUG] LOG: [-1.0694599, 1.2397475, 9.581895]
23-jul-2015 11:15:53 [DEBUG] LOG: [-1.0694599, 1.2397475, 9.581895]
23-jul-2015 11:15:53 [DEBUG] LOG: [-1.0694599, 1.2397475, 9.581895]
23-jul-2015 11:15:53 [DEBUG] LOG: [-1.0694599, 1.2397475, 9.581895]
23-jul-2015 11:15:53 [DEBUG] LOG: [-1.0694599, 1.2397475, 9.581895]
23-jul-2015 11:15:53 [DEBUG] LOG: [-1.0694599, 1.2397475, 9.581895]
23-jul-2015 11:15:53 [DEBUG] LOG: [-1.0694599, 1.2397475, 9.581895]
23-jul-2015 11:15:53 [DEBUG] LOG: [-1.0694599, 1.2397475, 9.581895]
23-jul-2015 11:15:53 [DEBUG] LOG: [-1.0694599, 1.2397475, 9.581895]
23-jul-2015 11:15:53 [DEBUG] LOG: [-1.0694599, 1.2397475, 9.581895]
23-jul-2015 11:15:53 [DEBUG] LOG: [-1.0694599, 1.2397475, 9.581895]
23-jul-2015 11:15:53 [DEBUG] LOG: [-1.0694599, 1.2397475, 9.581895]
23-jul-2015 11:15:53 [DEBUG] LOG: [-1.0694599, 1.2397475, 9.581895]
23-jul-2015 11:15:54 [DEBUG] LOG: [-1.0694599, 1.2397475, 9.581895]
23-jul-2015 11:15:54 [DEBUG] LOG: [-1.0694599, 1.2397475, 9.581895]
23-jul-2015 11:15:54 [DEBUG] LOG: [-1.0694599, 1.2397475, 9.581895]
23-jul-2015 11:15:54 [DEBUG] LOG: [-1.0694599, 1.2397475, 9.581895]
23-jul-2015 11:15:54 [DEBUG] LOG: [-1.0694599, 1.2397475, 9.581895]
23-jul-2015 11:15:54 [DEBUG] LOG: [-1.0694599, 1.2397475, 9.581895]
23-jul-2015 11:15:54 [DEBUG] LOG: [-1.0694599, 1.2397475, 9.581895]
23-jul-2015 11:15:54 [DEBUG] LOG: [-1.0694599, 1.2397475, 9.581895]
23-jul-2015 11:15:54 [DEBUG] LOG: [-1.0694599, 1.2397475, 9.581895]
23-jul-2015 11:15:54 [DEBUG] LOG: [-1.0694599, 1.2397475, 9.581895]
23-jul-2015 11:15:54 [DEBUG] LOG: [-1.0694599, 1.2397475, 9.581895]
23-jul-2015 11:15:54 [DEBUG] LOG: [-1.0694599, 1.2397475, 9.581895]
23-jul-2015 11:15:54 [DEBUG] LOG: [-0.17163433, 0.40895957, 9.620202]
23-jul-2015 11:15:54 [DEBUG] LOG: [-0.17163433, 0.40895957, 9.620202]
23-jul-2015 11:15:54 [DEBUG] LOG: [-0.17163433, 0.40895957, 9.620202]
23-jul-2015 11:15:54 [DEBUG] LOG: [-0.17163433, 0.40895957, 9.620202]
23-jul-2015 11:15:54 [DEBUG] LOG: [-0.17163433, 0.40895957, 9.620202]
23-jul-2015 11:15:54 [DEBUG] LOG: [-0.17163433, 0.40895957, 9.620202]
23-jul-2015 11:15:54 [DEBUG] LOG: [-0.17163433, 0.40895957, 9.620202]
23-jul-2015 11:15:54 [DEBUG] LOG: [-0.17163433, 0.40895957, 9.620202]
23-jul-2015 11:15:54 [DEBUG] LOG: [-0.17163433, 0.40895957, 9.620202]
23-jul-2015 11:15:54 [DEBUG] LOG: [-0.17163433, 0.40895957, 9.620202]
23-jul-2015 11:15:54 [DEBUG] LOG: [-0.17163433, 0.40895957, 9.620202]
23-jul-2015 11:15:54 [DEBUG] LOG: [-0.17163433, 0.40895957, 9.620202]
23-jul-2015 11:15:54 [DEBUG] LOG: [-0.17163433, 0.40895957, 9.620202]
23-jul-2015 11:15:54 [DEBUG] LOG: [-0.17163433, 0.40895957, 9.620202]
23-jul-2015 11:15:54 [DEBUG] LOG: [-0.17163433, 0.40895957, 9.620202]
23-jul-2015 11:15:54 [DEBUG] LOG: [-0.17163433, 0.40895957, 9.620202]
23-jul-2015 11:15:54 [DEBUG] LOG: [-0.17163433, 0.40895957, 9.620202]
23-jul-2015 11:15:54 [DEBUG] LOG: [-0.17163433, 0.40895957, 9.620202]
23-jul-2015 11:15:54 [DEBUG] LOG: [-0.17163433, 0.40895957, 9.620202]
23-jul-2015 11:15:54 [DEBUG] LOG: [-0.17163433, 0.40895957, 9.620202]
23-jul-2015 11:15:54 [DEBUG] LOG: [-0.17163433, 0.40895957, 9.620202]
23-jul-2015 11:15:54 [DEBUG] LOG: [-0.17163433, 0.40895957, 9.620202]
23-jul-2015 11:15:54 [DEBUG] LOG: [-0.17163433, 0.40895957, 9.620202]
23-jul-2015 11:15:54 [DEBUG] LOG: [-0.17163433, 0.40895957, 9.620202]
23-jul-2015 11:15:54 [DEBUG] LOG: [-0.17163433, 0.40895957, 9.620202]
23-jul-2015 11:15:54 [DEBUG] LOG: [-0.17163433, 0.40895957, 9.620202]
23-jul-2015 11:15:54 [DEBUG] LOG: [-0.17163433, 0.40895957, 9.620202]
23-jul-2015 11:15:54 [DEBUG] LOG: [-0.17163433, 0.40895957, 9.620202]
23-jul-2015 11:15:54 [DEBUG] LOG: [-0.17163433, 0.40895957, 9.620202]
23-jul-2015 11:15:54 [DEBUG] LOG: [-0.17163433, 0.40895957, 9.620202]
23-jul-2015 11:15:54 [DEBUG] LOG: [-0.17163433, 0.40895957, 9.620202]
23-jul-2015 11:15:54 [DEBUG] LOG: [-0.14769232, 0.39220017, 9.660903]
23-jul-2015 11:15:54 [DEBUG] LOG: [-0.14769232, 0.39220017, 9.660903]
23-jul-2015 11:15:54 [DEBUG] LOG: [-0.14769232, 0.39220017, 9.660903]
23-jul-2015 11:15:54 [DEBUG] LOG: [-0.14769232, 0.39220017, 9.660903]
23-jul-2015 11:15:54 [DEBUG] LOG: [-0.14769232, 0.39220017, 9.660903]
23-jul-2015 11:15:54 [DEBUG] LOG: [-0.14769232, 0.39220017, 9.660903]
23-jul-2015 11:15:54 [DEBUG] LOG: [-0.14769232, 0.39220017, 9.660903]
23-jul-2015 11:15:54 [DEBUG] LOG: [-0.14769232, 0.39220017, 9.660903]
23-jul-2015 11:15:54 [DEBUG] LOG: [-0.14769232, 0.39220017, 9.660903]
23-jul-2015 11:15:54 [DEBUG] LOG: [-0.14769232, 0.39220017, 9.660903]
23-jul-2015 11:15:54 [DEBUG] LOG: [-0.14769232, 0.39220017, 9.660903]
23-jul-2015 11:15:54 [DEBUG] LOG: [-0.14769232, 0.39220017, 9.660903]
23-jul-2015 11:15:54 [DEBUG] LOG: [-0.14769232, 0.39220017, 9.660903]
23-jul-2015 11:15:54 [DEBUG] LOG: [-0.14769232, 0.39220017, 9.660903]
23-jul-2015 11:15:54 [DEBUG] LOG: [-0.14769232, 0.39220017, 9.660903]
23-jul-2015 11:15:54 [DEBUG] LOG: [-0.14769232, 0.39220017, 9.660903]
23-jul-2015 11:15:54 [DEBUG] LOG: [-0.14769232, 0.39220017, 9.660903]
23-jul-2015 11:16:37 [INFO] LOG: Finished loading assets
23-jul-2015 11:18:32 [INFO] LOG: Finished loading assets
23-jul-2015 11:19:00 [INFO] LOG: Finished loading assets
23-jul-2015 11:19:24 [INFO] LOG: Finished loading assets
23-jul-2015 11:19:54 [INFO] LOG: Finished loading assets
23-jul-2015 11:20:15 [INFO] LOG: Finished loading assets
23-jul-2015 11:25:51 [INFO] LOG: Finished loading assets
23-jul-2015 11:26:00 [INFO] LOG: Finished loading assets
23-jul-2015 11:34:36 [INFO] LOG: Finished loading assets
23-jul-2015 11:34:39 [INFO] LOG: Finished loading assets
23-jul-2015 11:34:39 [INFO] LOG: Finished loading assets
23-jul-2015 11:34:40 [INFO] LOG: Finished loading assets
23-jul-2015 11:36:06 [INFO] LOG: Finished loading assets
23-jul-2015 11:40:07 [INFO] LOG: Finished loading assets
23-jul-2015 11:40:17 [INFO] LOG: Finished loading assets
23-jul-2015 11:40:29 [INFO] LOG: Finished loading assets
23-jul-2015 11:40:35 [INFO] LOG: Finished loading assets
23-jul-2015 11:40:37 [INFO] LOG: Finished loading assets
23-jul-2015 11:40:38 [INFO] LOG: Finished loading assets
23-jul-2015 11:55:34 [INFO] LOG: Finished loading assets
23-jul-2015 11:56:22 [INFO] LOG: Finished loading assets
23-jul-2015 11:56:24 [INFO] LOG: Finished loading assets
23-jul-2015 11:56:25 [INFO] LOG: Finished loading assets
25-jul-2015 20:19:42 [INFO] LOG: Finished loading assets
25-jul-2015 20:19:45 [INFO] LOG: Finished loading assets
25-jul-2015 20:55:39 [INFO] LOG: Finished loading assets
25-jul-2015 20:55:40 [INFO] LOG: Finished loading assets
25-jul-2015 20:55:46 [INFO] LOG: Finished loading assets
25-jul-2015 20:55:49 [INFO] LOG: Finished loading assets
25-jul-2015 20:56:37 [INFO] LOG: Finished loading assets
25-jul-2015 20:56:38 [INFO] LOG: Finished loading assets
25-jul-2015 20:56:42 [INFO] LOG: Finished loading assets
25-jul-2015 20:56:45 [INFO] LOG: Finished loading assets
25-jul-2015 20:56:46 [INFO] LOG: Finished loading assets
25-jul-2015 20:57:14 [INFO] LOG: Finished loading assets
25-jul-2015 20:57:15 [INFO] LOG: Finished loading assets
25-jul-2015 20:57:19 [INFO] LOG: Finished loading assets
25-jul-2015 20:57:21 [INFO] LOG: Finished loading assets
25-jul-2015 20:58:22 [INFO] LOG: Finished loading assets
25-jul-2015 21:00:45 [INFO] LOG: Finished loading assets
25-jul-2015 21:00:46 [INFO] LOG: Finished loading assets
25-jul-2015 21:00:50 [INFO] LOG: Finished loading assets
25-jul-2015 21:00:51 [INFO] LOG: Finished loading assets
25-jul-2015 21:00:52 [INFO] LOG: Finished loading assets
25-jul-2015 21:01:03 [INFO] LOG: Finished loading assets
25-jul-2015 21:01:05 [INFO] LOG: Finished loading assets
25-jul-2015 21:01:07 [INFO] LOG: Finished loading assets
25-jul-2015 21:01:08 [INFO] LOG: Finished loading assets
25-jul-2015 21:01:10 [INFO] LOG: Finished loading assets
25-jul-2015 21:02:11 [INFO] LOG: Finished loading assets
25-jul-2015 21:02:13 [INFO] LOG: Finished loading assets
25-jul-2015 21:02:17 [INFO] LOG: Finished loading assets
25-jul-2015 21:02:19 [INFO] LOG: Finished loading assets
25-jul-2015 21:02:21 [INFO] LOG: Finished loading assets
25-jul-2015 21:02:27 [INFO] LOG: Finished loading assets
25-jul-2015 21:02:28 [INFO] LOG: Finished loading assets
25-jul-2015 21:02:31 [INFO] LOG: Finished loading assets
25-jul-2015 21:02:32 [INFO] LOG: Finished loading assets
25-jul-2015 21:02:33 [INFO] LOG: Finished loading assets
25-jul-2015 21:02:50 [INFO] LOG: Finished loading assets
25-jul-2015 21:02:57 [INFO] LOG: Finished loading assets
25-jul-2015 21:02:59 [INFO] LOG: Finished loading assets
25-jul-2015 21:03:01 [INFO] LOG: Finished loading assets
25-jul-2015 21:03:02 [INFO] LOG: Finished loading assets
25-jul-2015 21:03:03 [INFO] LOG: Finished loading assets
25-jul-2015 21:03:17 [INFO] LOG: Finished loading assets
25-jul-2015 21:03:18 [INFO] LOG: Finished loading assets
25-jul-2015 21:03:21 [INFO] LOG: Finished loading assets
25-jul-2015 21:03:22 [INFO] LOG: Finished loading assets
25-jul-2015 21:03:25 [INFO] LOG: Finished loading assets
25-jul-2015 21:03:26 [INFO] LOG: Finished loading assets
25-jul-2015 21:03:27 [INFO] LOG: Finished loading assets
28-jul-2015 16:31:11 [INFO] LOG: Finished loading assets
28-jul-2015 16:31:12 [INFO] LOG: Finished loading assets
28-jul-2015 16:31:31 [INFO] LOG: Finished loading assets
28-jul-2015 16:31:33 [INFO] LOG: Finished loading assets
28-jul-2015 16:32:10 [INFO] LOG: Finished loading assets
28-jul-2015 16:32:11 [INFO] LOG: Finished loading assets
28-jul-2015 16:33:03 [INFO] LOG: Finished loading assets
28-jul-2015 16:33:04 [INFO] LOG: Finished loading assets
28-jul-2015 16:37:22 [INFO] LOG: Finished loading assets
28-jul-2015 16:37:23 [INFO] LOG: Finished loading assets
28-jul-2015 16:38:01 [INFO] LOG: Finished loading assets
28-jul-2015 16:38:02 [INFO] LOG: Finished loading assets
28-jul-2015 16:40:22 [INFO] LOG: Finished loading assets
28-jul-2015 16:40:23 [INFO] LOG: Finished loading assets
28-jul-2015 16:42:43 [INFO] LOG: Finished loading assets
28-jul-2015 16:42:44 [INFO] LOG: Finished loading assets
28-jul-2015 16:45:53 [INFO] LOG: Finished loading assets
28-jul-2015 16:45:54 [INFO] LOG: Finished loading assets
28-jul-2015 16:49:33 [INFO] LOG: Finished loading assets
28-jul-2015 16:49:34 [INFO] LOG: Finished loading assets
28-jul-2015 16:51:18 [INFO] LOG: Finished loading assets
28-jul-2015 16:51:19 [INFO] LOG: Finished loading assets
28-jul-2015 16:51:39 [INFO] LOG: Finished loading assets
28-jul-2015 16:51:40 [INFO] LOG: Finished loading assets
28-jul-2015 16:53:47 [INFO] LOG: Finished loading assets
28-jul-2015 16:53:48 [INFO] LOG: Finished loading assets
28-jul-2015 17:01:47 [INFO] LOG: Finished loading assets
28-jul-2015 17:01:51 [INFO] LOG: Finished loading assets
28-jul-2015 19:15:01 [INFO] LOG: Finished loading assets
28-jul-2015 19:15:03 [INFO] LOG: Finished loading assets
28-jul-2015 19:15:41 [INFO] LOG: Finished loading assets
28-jul-2015 19:15:42 [INFO] LOG: Finished loading assets
28-jul-2015 19:23:10 [INFO] LOG: Finished loading assets
28-jul-2015 19:31:46 [INFO] LOG: Finished loading assets
29-jul-2015 15:06:52 [INFO] LOG: Finished loading assets
29-jul-2015 15:06:54 [INFO] LOG: Finished loading assets
29-jul-2015 15:07:10 [INFO] LOG: Finished loading assets
29-jul-2015 15:07:12 [INFO] LOG: Finished loading assets
29-jul-2015 15:07:30 [INFO] LOG: Finished loading assets
29-jul-2015 15:07:31 [INFO] LOG: Finished loading assets
29-jul-2015 15:08:23 [INFO] LOG: Finished loading assets
29-jul-2015 15:08:24 [INFO] LOG: Finished loading assets
29-jul-2015 15:10:28 [INFO] LOG: Finished loading assets
29-jul-2015 15:10:29 [INFO] LOG: Finished loading assets
29-jul-2015 15:17:11 [INFO] LOG: Finished loading assets
29-jul-2015 15:17:12 [INFO] LOG: Finished loading assets
29-jul-2015 15:17:33 [INFO] LOG: Finished loading assets
29-jul-2015 15:17:34 [INFO] LOG: Finished loading assets
29-jul-2015 15:20:57 [INFO] LOG: Finished loading assets
29-jul-2015 15:20:58 [INFO] LOG: Finished loading assets
29-jul-2015 15:27:01 [INFO] LOG: Finished loading assets
29-jul-2015 15:27:02 [INFO] LOG: Finished loading assets
29-jul-2015 15:27:36 [INFO] LOG: Finished loading assets
29-jul-2015 15:27:37 [INFO] LOG: Finished loading assets
29-jul-2015 15:46:27 [INFO] LOG: Finished loading assets
29-jul-2015 15:46:27 [INFO] LOG: Finished loading assets
29-jul-2015 15:49:15 [INFO] LOG: Finished loading assets
29-jul-2015 15:49:16 [INFO] LOG: Finished loading assets
29-jul-2015 15:49:28 [INFO] LOG: Finished loading assets
29-jul-2015 15:49:29 [INFO] LOG: Finished loading assets
29-jul-2015 15:49:51 [INFO] LOG: Finished loading assets
29-jul-2015 15:49:52 [INFO] LOG: Finished loading assets
29-jul-2015 15:50:22 [INFO] LOG: Finished loading assets
29-jul-2015 15:50:23 [INFO] LOG: Finished loading assets
29-jul-2015 15:58:41 [INFO] LOG: Finished loading assets
29-jul-2015 15:58:42 [INFO] LOG: Finished loading assets
29-jul-2015 15:59:13 [INFO] LOG: Finished loading assets
29-jul-2015 15:59:14 [INFO] LOG: Finished loading assets
29-jul-2015 16:02:27 [INFO] LOG: Finished loading assets
29-jul-2015 16:02:28 [INFO] LOG: Finished loading assets
29-jul-2015 16:02:42 [INFO] LOG: Finished loading assets
29-jul-2015 16:02:43 [INFO] LOG: Finished loading assets
29-jul-2015 16:04:29 [INFO] LOG: Finished loading assets
29-jul-2015 16:04:31 [INFO] LOG: Finished loading assets
29-jul-2015 16:06:38 [INFO] LOG: Finished loading assets
29-jul-2015 16:06:39 [INFO] LOG: Finished loading assets
29-jul-2015 16:08:45 [INFO] LOG: Finished loading assets
29-jul-2015 16:08:47 [INFO] LOG: Finished loading assets
29-jul-2015 16:09:51 [INFO] LOG: Finished loading assets
29-jul-2015 16:09:52 [INFO] LOG: Finished loading assets
29-jul-2015 16:10:18 [INFO] LOG: Finished loading assets
29-jul-2015 16:10:19 [INFO] LOG: Finished loading assets
29-jul-2015 16:23:48 [INFO] LOG: Finished loading assets
29-jul-2015 16:23:49 [INFO] LOG: Finished loading assets
29-jul-2015 16:24:02 [INFO] LOG: Finished loading assets
29-jul-2015 16:24:03 [INFO] LOG: Finished loading assets
29-jul-2015 16:24:53 [INFO] LOG: Finished loading assets
29-jul-2015 16:24:54 [INFO] LOG: Finished loading assets
29-jul-2015 16:27:01 [INFO] LOG: Finished loading assets
29-jul-2015 16:27:01 [INFO] LOG: Finished loading assets
29-jul-2015 16:27:35 [INFO] LOG: Finished loading assets
29-jul-2015 16:27:36 [INFO] LOG: Finished loading assets
29-jul-2015 16:28:01 [INFO] LOG: Finished loading assets
29-jul-2015 16:28:02 [INFO] LOG: Finished loading assets
29-jul-2015 16:28:33 [INFO] LOG: Finished loading assets
29-jul-2015 16:28:33 [INFO] LOG: Finished loading assets
29-jul-2015 16:29:28 [INFO] LOG: Finished loading assets
29-jul-2015 16:29:29 [INFO] LOG: Finished loading assets
29-jul-2015 16:30:42 [INFO] LOG: Finished loading assets
29-jul-2015 16:30:43 [INFO] LOG: Finished loading assets
29-jul-2015 16:31:38 [INFO] LOG: Finished loading assets
29-jul-2015 16:31:39 [INFO] LOG: Finished loading assets
29-jul-2015 16:33:28 [INFO] LOG: Finished loading assets
29-jul-2015 16:33:28 [INFO] LOG: Finished loading assets
29-jul-2015 16:37:32 [INFO] LOG: Finished loading assets
29-jul-2015 16:37:33 [INFO] LOG: Finished loading assets
29-jul-2015 16:38:09 [INFO] LOG: Finished loading assets
29-jul-2015 16:38:10 [INFO] LOG: Finished loading assets
29-jul-2015 16:39:24 [INFO] LOG: Finished loading assets
29-jul-2015 16:39:25 [INFO] LOG: Finished loading assets
29-jul-2015 16:39:52 [INFO] LOG: Finished loading assets
29-jul-2015 16:39:53 [INFO] LOG: Finished loading assets
29-jul-2015 16:40:36 [INFO] LOG: Finished loading assets
29-jul-2015 16:40:37 [INFO] LOG: Finished loading assets
29-jul-2015 16:41:04 [INFO] LOG: Finished loading assets
29-jul-2015 16:41:06 [INFO] LOG: Finished loading assets
29-jul-2015 16:47:54 [INFO] LOG: Finished loading assets
29-jul-2015 16:47:55 [INFO] LOG: Finished loading assets
29-jul-2015 16:54:30 [INFO] LOG: Finished loading assets
29-jul-2015 16:54:31 [INFO] LOG: Finished loading assets
29-jul-2015 16:54:42 [INFO] LOG: Finished loading assets
29-jul-2015 16:54:45 [INFO] LOG: Finished loading assets
29-jul-2015 16:55:16 [INFO] LOG: Finished loading assets
29-jul-2015 16:55:17 [INFO] LOG: Finished loading assets
29-jul-2015 16:55:38 [INFO] LOG: Finished loading assets
29-jul-2015 16:56:35 [INFO] LOG: Finished loading assets
29-jul-2015 16:56:37 [INFO] LOG: Finished loading assets
29-jul-2015 16:57:20 [INFO] LOG: Finished loading assets
29-jul-2015 16:57:21 [INFO] LOG: Finished loading assets
29-jul-2015 16:57:37 [INFO] LOG: Finished loading assets
29-jul-2015 16:57:38 [INFO] LOG: Finished loading assets
29-jul-2015 16:57:54 [INFO] LOG: Finished loading assets
29-jul-2015 16:57:55 [INFO] LOG: Finished loading assets
29-jul-2015 16:59:17 [INFO] LOG: Finished loading assets
29-jul-2015 16:59:17 [INFO] LOG: Finished loading assets
29-jul-2015 17:16:13 [INFO] LOG: Finished loading assets
29-jul-2015 17:16:14 [INFO] LOG: Finished loading assets
29-jul-2015 17:16:53 [INFO] LOG: Finished loading assets
29-jul-2015 17:16:55 [INFO] LOG: Finished loading assets
29-jul-2015 17:18:22 [INFO] LOG: Finished loading assets
29-jul-2015 17:18:23 [INFO] LOG: Finished loading assets
29-jul-2015 17:18:33 [INFO] LOG: Finished loading assets
29-jul-2015 17:18:34 [INFO] LOG: Finished loading assets
29-jul-2015 17:27:28 [INFO] LOG: Finished loading assets
29-jul-2015 17:27:31 [INFO] LOG: Finished loading assets
29-jul-2015 17:37:53 [INFO] LOG: Finished loading assets
29-jul-2015 17:37:54 [INFO] LOG: Finished loading assets
29-jul-2015 17:38:14 [INFO] LOG: Finished loading assets
29-jul-2015 17:38:15 [INFO] LOG: Finished loading assets
29-jul-2015 17:38:51 [INFO] LOG: Finished loading assets
29-jul-2015 17:38:52 [INFO] LOG: Finished loading assets
29-jul-2015 17:40:46 [INFO] LOG: Finished loading assets
29-jul-2015 17:40:48 [INFO] LOG: Finished loading assets
29-jul-2015 17:48:40 [INFO] LOG: Finished loading assets
29-jul-2015 17:48:41 [INFO] LOG: Finished loading assets
29-jul-2015 17:48:47 [INFO] LOG: Finished loading assets
29-jul-2015 17:48:48 [INFO] LOG: Finished loading assets
29-jul-2015 17:49:06 [INFO] LOG: Finished loading assets
29-jul-2015 17:49:07 [INFO] LOG: Finished loading assets
29-jul-2015 17:49:17 [INFO] LOG: Finished loading assets
29-jul-2015 17:49:18 [INFO] LOG: Finished loading assets
29-jul-2015 17:49:36 [INFO] LOG: Finished loading assets
29-jul-2015 17:49:41 [INFO] LOG: Finished loading assets
29-jul-2015 17:49:42 [INFO] LOG: Finished loading assets
29-jul-2015 17:49:51 [INFO] LOG: Finished loading assets
29-jul-2015 17:49:52 [INFO] LOG: Finished loading assets
29-jul-2015 17:50:09 [INFO] LOG: Finished loading assets
29-jul-2015 17:50:10 [INFO] LOG: Finished loading assets
29-jul-2015 17:50:25 [INFO] LOG: Finished loading assets
29-jul-2015 17:50:26 [INFO] LOG: Finished loading assets
29-jul-2015 17:52:17 [INFO] LOG: Finished loading assets
29-jul-2015 17:52:18 [INFO] LOG: Finished loading assets
29-jul-2015 17:53:12 [INFO] LOG: Finished loading assets
29-jul-2015 17:53:13 [INFO] LOG: Finished loading assets
29-jul-2015 17:53:24 [INFO] LOG: Finished loading assets
29-jul-2015 17:53:25 [INFO] LOG: Finished loading assets
29-jul-2015 17:53:33 [INFO] LOG: Finished loading assets
29-jul-2015 17:53:34 [INFO] LOG: Finished loading assets
29-jul-2015 17:54:49 [INFO] LOG: Finished loading assets
29-jul-2015 17:54:50 [INFO] LOG: Finished loading assets
29-jul-2015 17:58:37 [INFO] LOG: Finished loading assets
29-jul-2015 17:58:38 [INFO] LOG: Finished loading assets
29-jul-2015 18:04:23 [INFO] LOG: Finished loading assets
29-jul-2015 18:04:56 [INFO] LOG: Finished loading assets
29-jul-2015 18:05:17 [INFO] LOG: Finished loading assets
29-jul-2015 18:05:19 [INFO] LOG: Finished loading assets
29-jul-2015 18:06:23 [INFO] LOG: Finished loading assets
29-jul-2015 18:06:24 [INFO] LOG: Finished loading assets
29-jul-2015 18:09:12 [INFO] LOG: Finished loading assets
29-jul-2015 18:09:13 [INFO] LOG: Finished loading assets
29-jul-2015 18:13:13 [INFO] LOG: Finished loading assets
29-jul-2015 18:13:14 [INFO] LOG: Finished loading assets
29-jul-2015 18:14:56 [INFO] LOG: Finished loading assets
29-jul-2015 18:14:57 [INFO] LOG: Finished loading assets
29-jul-2015 18:17:18 [INFO] LOG: Finished loading assets
29-jul-2015 18:17:19 [INFO] LOG: Finished loading assets
29-jul-2015 18:19:07 [INFO] LOG: Finished loading assets
29-jul-2015 18:19:08 [INFO] LOG: Finished loading assets
29-jul-2015 18:19:28 [INFO] LOG: Finished loading assets
29-jul-2015 18:19:29 [INFO] LOG: Finished loading assets
29-jul-2015 18:21:48 [INFO] LOG: Finished loading assets
29-jul-2015 18:21:49 [INFO] LOG: Finished loading assets
29-jul-2015 18:22:04 [INFO] LOG: Finished loading assets
29-jul-2015 18:22:05 [INFO] LOG: Finished loading assets
29-jul-2015 18:22:28 [INFO] LOG: Finished loading assets
29-jul-2015 18:22:29 [INFO] LOG: Finished loading assets
29-jul-2015 18:22:58 [INFO] LOG: Finished loading assets
29-jul-2015 18:22:58 [INFO] LOG: Finished loading assets
29-jul-2015 18:23:05 [INFO] LOG: Finished loading assets
29-jul-2015 18:23:06 [INFO] LOG: Finished loading assets
29-jul-2015 18:23:18 [INFO] LOG: Finished loading assets
29-jul-2015 18:23:18 [INFO] LOG: Finished loading assets
29-jul-2015 18:23:54 [INFO] LOG: Finished loading assets
29-jul-2015 18:23:55 [INFO] LOG: Finished loading assets
29-jul-2015 18:24:31 [INFO] LOG: Finished loading assets
29-jul-2015 18:24:31 [INFO] LOG: Finished loading assets
29-jul-2015 18:25:05 [INFO] LOG: Finished loading assets
29-jul-2015 18:25:05 [INFO] LOG: Finished loading assets
29-jul-2015 18:25:47 [INFO] LOG: Finished loading assets
29-jul-2015 18:25:48 [INFO] LOG: Finished loading assets
29-jul-2015 18:26:18 [INFO] LOG: Finished loading assets
29-jul-2015 18:26:19 [INFO] LOG: Finished loading assets
29-jul-2015 18:29:40 [INFO] LOG: Finished loading assets
29-jul-2015 18:29:41 [INFO] LOG: Finished loading assets
29-jul-2015 18:47:55 [INFO] LOG: Finished loading assets
29-jul-2015 18:47:56 [INFO] LOG: Finished loading assets
29-jul-2015 18:48:02 [INFO] LOG: Finished loading assets
29-jul-2015 18:48:03 [INFO] LOG: Finished loading assets
29-jul-2015 18:51:01 [INFO] LOG: Finished loading assets
29-jul-2015 18:51:02 [INFO] LOG: Finished loading assets
29-jul-2015 18:52:04 [INFO] LOG: Finished loading assets
29-jul-2015 18:52:05 [INFO] LOG: Finished loading assets
29-jul-2015 18:52:13 [INFO] LOG: Finished loading assets
29-jul-2015 18:52:13 [INFO] LOG: Finished loading assets
29-jul-2015 18:53:08 [INFO] LOG: Finished loading assets
29-jul-2015 18:53:09 [INFO] LOG: Finished loading assets
29-jul-2015 18:59:54 [INFO] LOG: Finished loading assets
29-jul-2015 18:59:55 [INFO] LOG: Finished loading assets
29-jul-2015 19:00:10 [INFO] LOG: Finished loading assets
29-jul-2015 19:00:11 [INFO] LOG: Finished loading assets
29-jul-2015 19:01:25 [INFO] LOG: Finished loading assets
29-jul-2015 19:01:25 [INFO] LOG: Finished loading assets
29-jul-2015 19:02:11 [INFO] LOG: Finished loading assets
29-jul-2015 19:02:12 [INFO] LOG: Finished loading assets
29-jul-2015 19:04:15 [INFO] LOG: Finished loading assets
29-jul-2015 19:04:15 [INFO] LOG: Finished loading assets
29-jul-2015 19:04:41 [INFO] LOG: Finished loading assets
29-jul-2015 19:04:42 [INFO] LOG: Finished loading assets
29-jul-2015 19:06:19 [INFO] LOG: Finished loading assets
29-jul-2015 19:06:20 [INFO] LOG: Finished loading assets
29-jul-2015 19:10:58 [INFO] LOG: Finished loading assets
29-jul-2015 19:10:59 [INFO] LOG: Finished loading assets
30-jul-2015 13:57:49 [INFO] LOG: Finished loading assets
30-jul-2015 13:57:50 [INFO] LOG: Finished loading assets
30-jul-2015 13:58:06 [INFO] LOG: Finished loading assets
30-jul-2015 13:58:07 [INFO] LOG: Finished loading assets
30-jul-2015 13:58:52 [INFO] LOG: Finished loading assets
30-jul-2015 13:58:53 [INFO] LOG: Finished loading assets
30-jul-2015 13:59:53 [INFO] LOG: Finished loading assets
30-jul-2015 13:59:54 [INFO] LOG: Finished loading assets
30-jul-2015 14:02:36 [INFO] LOG: Finished loading assets
30-jul-2015 14:02:37 [INFO] LOG: Finished loading assets
30-jul-2015 14:03:07 [INFO] LOG: Finished loading assets
30-jul-2015 14:03:08 [INFO] LOG: Finished loading assets
30-jul-2015 14:04:43 [INFO] LOG: Finished loading assets
30-jul-2015 14:04:44 [INFO] LOG: Finished loading assets
30-jul-2015 14:25:13 [INFO] LOG: Finished loading assets
30-jul-2015 14:25:15 [INFO] LOG: Finished loading assets
30-jul-2015 14:59:09 [INFO] LOG: Finished loading assets
30-jul-2015 14:59:11 [INFO] LOG: Finished loading assets
30-jul-2015 14:59:53 [INFO] LOG: Finished loading assets
30-jul-2015 14:59:54 [INFO] LOG: Finished loading assets
30-jul-2015 15:01:32 [INFO] LOG: Finished loading assets
30-jul-2015 15:01:33 [INFO] LOG: Finished loading assets
30-jul-2015 15:21:13 [INFO] LOG: Finished loading assets
30-jul-2015 15:21:15 [INFO] LOG: Finished loading assets
30-jul-2015 15:21:18 [INFO] LOG: Finished loading assets
30-jul-2015 15:21:19 [INFO] LOG: Finished loading assets
30-jul-2015 15:21:20 [INFO] LOG: Finished loading assets
30-jul-2015 15:21:25 [INFO] LOG: Finished loading assets
30-jul-2015 15:21:26 [INFO] LOG: Finished loading assets
30-jul-2015 15:21:32 [INFO] LOG: Finished loading assets
30-jul-2015 15:21:34 [INFO] LOG: Finished loading assets
30-jul-2015 15:21:52 [INFO] LOG: Finished loading assets
30-jul-2015 15:21:52 [INFO] LOG: Finished loading assets
30-jul-2015 15:21:59 [INFO] LOG: Finished loading assets
30-jul-2015 15:22:00 [INFO] LOG: Finished loading assets
30-jul-2015 15:22:02 [INFO] LOG: Finished loading assets
30-jul-2015 15:22:03 [INFO] LOG: Finished loading assets
30-jul-2015 15:22:03 [INFO] LOG: Finished loading assets
30-jul-2015 15:22:03 [INFO] LOG: Finished loading assets
30-jul-2015 15:22:04 [INFO] LOG: Finished loading assets
30-jul-2015 15:22:10 [INFO] LOG: Finished loading assets
30-jul-2015 15:22:10 [INFO] LOG: Finished loading assets
30-jul-2015 15:22:12 [INFO] LOG: Finished loading assets
30-jul-2015 15:22:12 [INFO] LOG: Finished loading assets
30-jul-2015 15:22:13 [INFO] LOG: Finished loading assets
30-jul-2015 15:23:18 [INFO] LOG: Finished loading assets
30-jul-2015 15:23:19 [INFO] LOG: Finished loading assets
30-jul-2015 15:23:21 [INFO] LOG: Finished loading assets
30-jul-2015 15:23:21 [INFO] LOG: Finished loading assets
30-jul-2015 15:23:23 [INFO] LOG: Finished loading assets
30-jul-2015 15:23:25 [INFO] LOG: Finished loading assets
30-jul-2015 15:23:45 [INFO] LOG: Finished loading assets
30-jul-2015 15:23:46 [INFO] LOG: Finished loading assets
30-jul-2015 15:24:01 [INFO] LOG: Finished loading assets
30-jul-2015 15:24:31 [INFO] LOG: Finished loading assets
30-jul-2015 15:24:32 [INFO] LOG: Finished loading assets
30-jul-2015 15:24:35 [INFO] LOG: Finished loading assets
30-jul-2015 15:24:37 [INFO] LOG: Finished loading assets
30-jul-2015 15:24:38 [INFO] LOG: Finished loading assets
30-jul-2015 15:24:39 [INFO] LOG: Finished loading assets
30-jul-2015 15:24:39 [INFO] LOG: Finished loading assets
30-jul-2015 15:24:39 [INFO] LOG: Finished loading assets
30-jul-2015 15:24:39 [INFO] LOG: Finished loading assets
30-jul-2015 15:24:39 [INFO] LOG: Finished loading assets
30-jul-2015 15:25:44 [INFO] LOG: Finished loading assets
30-jul-2015 15:25:46 [INFO] LOG: Finished loading assets
30-jul-2015 15:26:05 [INFO] LOG: Finished loading assets
30-jul-2015 15:26:06 [INFO] LOG: Finished loading assets
30-jul-2015 15:26:07 [INFO] LOG: Finished loading assets
30-jul-2015 15:26:46 [INFO] LOG: Finished loading assets
30-jul-2015 15:26:47 [INFO] LOG: Finished loading assets
30-jul-2015 15:26:50 [INFO] LOG: Finished loading assets
30-jul-2015 15:26:51 [INFO] LOG: Finished loading assets
30-jul-2015 15:26:54 [INFO] LOG: Finished loading assets
30-jul-2015 15:26:55 [INFO] LOG: Finished loading assets
30-jul-2015 15:26:56 [INFO] LOG: Finished loading assets
30-jul-2015 15:26:56 [INFO] LOG: Finished loading assets
30-jul-2015 15:26:56 [INFO] LOG: Finished loading assets
30-jul-2015 15:26:57 [INFO] LOG: Finished loading assets
30-jul-2015 15:28:33 [INFO] LOG: Finished loading assets
30-jul-2015 15:28:34 [INFO] LOG: Finished loading assets
30-jul-2015 15:28:35 [INFO] LOG: Finished loading assets
30-jul-2015 15:28:36 [INFO] LOG: Finished loading assets
30-jul-2015 15:28:37 [INFO] LOG: Finished loading assets
30-jul-2015 15:28:38 [INFO] LOG: Finished loading assets
30-jul-2015 15:28:39 [INFO] LOG: Finished loading assets
30-jul-2015 15:28:39 [INFO] LOG: Finished loading assets
30-jul-2015 15:28:39 [INFO] LOG: Finished loading assets
30-jul-2015 15:28:41 [INFO] LOG: Finished loading assets
30-jul-2015 15:28:42 [INFO] LOG: Finished loading assets
30-jul-2015 15:29:34 [INFO] LOG: Finished loading assets
30-jul-2015 15:29:35 [INFO] LOG: Finished loading assets
30-jul-2015 15:29:36 [INFO] LOG: Finished loading assets
30-jul-2015 15:29:37 [INFO] LOG: Finished loading assets
30-jul-2015 15:29:37 [INFO] LOG: Finished loading assets
30-jul-2015 15:30:05 [INFO] LOG: Finished loading assets
30-jul-2015 15:30:06 [INFO] LOG: Finished loading assets
30-jul-2015 15:30:07 [INFO] LOG: Finished loading assets
30-jul-2015 15:30:09 [INFO] LOG: Finished loading assets
30-jul-2015 15:30:09 [INFO] LOG: Finished loading assets
30-jul-2015 15:30:09 [INFO] LOG: Finished loading assets
30-jul-2015 15:30:23 [INFO] LOG: Finished loading assets
30-jul-2015 15:30:24 [INFO] LOG: Finished loading assets
30-jul-2015 15:30:26 [INFO] LOG: Finished loading assets
30-jul-2015 15:30:27 [INFO] LOG: Finished loading assets
30-jul-2015 15:30:28 [INFO] LOG: Finished loading assets
30-jul-2015 15:30:28 [INFO] LOG: Finished loading assets
30-jul-2015 15:30:29 [INFO] LOG: Finished loading assets
30-jul-2015 15:30:29 [INFO] LOG: Finished loading assets
30-jul-2015 15:30:29 [INFO] LOG: Finished loading assets
30-jul-2015 15:31:43 [INFO] LOG: Finished loading assets
30-jul-2015 15:31:44 [INFO] LOG: Finished loading assets
30-jul-2015 15:31:45 [INFO] LOG: Finished loading assets
30-jul-2015 15:31:50 [INFO] LOG: Finished loading assets
30-jul-2015 15:31:50 [INFO] LOG: Finished loading assets
30-jul-2015 15:31:50 [INFO] LOG: Finished loading assets
30-jul-2015 15:31:51 [INFO] LOG: Finished loading assets
30-jul-2015 15:32:22 [INFO] LOG: Finished loading assets
30-jul-2015 15:32:23 [INFO] LOG: Finished loading assets
30-jul-2015 15:32:25 [INFO] LOG: Finished loading assets
30-jul-2015 15:32:33 [INFO] LOG: Finished loading assets
30-jul-2015 15:32:33 [INFO] LOG: Finished loading assets
30-jul-2015 15:32:33 [INFO] LOG: Finished loading assets
30-jul-2015 15:32:34 [INFO] LOG: Finished loading assets
30-jul-2015 15:32:39 [INFO] LOG: Finished loading assets
30-jul-2015 15:32:41 [INFO] LOG: Finished loading assets
30-jul-2015 15:32:42 [INFO] LOG: Finished loading assets
30-jul-2015 15:32:43 [INFO] LOG: Finished loading assets
30-jul-2015 15:32:43 [INFO] LOG: Finished loading assets
30-jul-2015 15:32:43 [INFO] LOG: Finished loading assets
30-jul-2015 15:32:43 [INFO] LOG: Finished loading assets
30-jul-2015 15:32:44 [INFO] LOG: Finished loading assets
30-jul-2015 15:33:14 [INFO] LOG: Finished loading assets
30-jul-2015 15:33:15 [INFO] LOG: Finished loading assets
30-jul-2015 15:33:17 [INFO] LOG: Finished loading assets
30-jul-2015 15:33:18 [INFO] LOG: Finished loading assets
30-jul-2015 15:33:19 [INFO] LOG: Finished loading assets
30-jul-2015 15:33:21 [INFO] LOG: Finished loading assets
30-jul-2015 15:33:21 [INFO] LOG: Finished loading assets
30-jul-2015 15:33:22 [INFO] LOG: Finished loading assets
30-jul-2015 15:33:22 [INFO] LOG: Finished loading assets
30-jul-2015 15:33:25 [INFO] LOG: Finished loading assets
30-jul-2015 15:33:25 [INFO] LOG: Finished loading assets
30-jul-2015 15:33:27 [INFO] LOG: Finished loading assets
30-jul-2015 15:33:29 [INFO] LOG: Finished loading assets
30-jul-2015 15:33:49 [INFO] LOG: Finished loading assets
30-jul-2015 15:33:50 [INFO] LOG: Finished loading assets
30-jul-2015 15:33:55 [INFO] LOG: Finished loading assets
30-jul-2015 15:35:38 [INFO] LOG: Finished loading assets
30-jul-2015 15:35:39 [INFO] LOG: Finished loading assets
30-jul-2015 15:35:40 [INFO] LOG: Finished loading assets
30-jul-2015 15:35:41 [INFO] LOG: Finished loading assets
30-jul-2015 15:35:42 [INFO] LOG: Finished loading assets
30-jul-2015 15:35:42 [INFO] LOG: Finished loading assets
30-jul-2015 15:36:46 [INFO] LOG: Finished loading assets
30-jul-2015 15:36:47 [INFO] LOG: Finished loading assets
30-jul-2015 15:36:49 [INFO] LOG: Finished loading assets
30-jul-2015 15:36:58 [INFO] LOG: Finished loading assets
30-jul-2015 15:36:59 [INFO] LOG: Finished loading assets
30-jul-2015 15:37:08 [INFO] LOG: Finished loading assets
30-jul-2015 15:37:09 [INFO] LOG: Finished loading assets
30-jul-2015 15:37:11 [INFO] LOG: Finished loading assets
30-jul-2015 15:37:34 [INFO] LOG: Finished loading assets
30-jul-2015 15:37:51 [INFO] LOG: Finished loading assets
30-jul-2015 15:37:51 [INFO] LOG: Finished loading assets
30-jul-2015 15:38:03 [INFO] LOG: Finished loading assets
30-jul-2015 15:38:04 [INFO] LOG: Finished loading assets
30-jul-2015 15:38:38 [INFO] LOG: Finished loading assets
30-jul-2015 15:38:39 [INFO] LOG: Finished loading assets
30-jul-2015 15:38:45 [INFO] LOG: Finished loading assets
30-jul-2015 15:38:46 [INFO] LOG: Finished loading assets
30-jul-2015 15:38:51 [INFO] LOG: Finished loading assets
30-jul-2015 15:38:52 [INFO] LOG: Finished loading assets
30-jul-2015 15:38:59 [INFO] LOG: Finished loading assets
30-jul-2015 15:39:00 [INFO] LOG: Finished loading assets
30-jul-2015 15:39:34 [INFO] LOG: Finished loading assets
30-jul-2015 15:39:35 [INFO] LOG: Finished loading assets
30-jul-2015 15:40:10 [INFO] LOG: Finished loading assets
30-jul-2015 15:40:11 [INFO] LOG: Finished loading assets
30-jul-2015 15:40:35 [INFO] LOG: Finished loading assets
30-jul-2015 15:40:36 [INFO] LOG: Finished loading assets
30-jul-2015 15:40:41 [INFO] LOG: Finished loading assets
30-jul-2015 15:41:12 [INFO] LOG: Finished loading assets
30-jul-2015 15:41:13 [INFO] LOG: Finished loading assets
30-jul-2015 15:41:27 [INFO] LOG: Finished loading assets
30-jul-2015 15:41:34 [INFO] LOG: Finished loading assets
30-jul-2015 15:41:38 [INFO] LOG: Finished loading assets
30-jul-2015 15:41:39 [INFO] LOG: Finished loading assets
30-jul-2015 15:41:49 [INFO] LOG: Finished loading assets
30-jul-2015 15:41:52 [INFO] LOG: Finished loading assets
30-jul-2015 15:53:39 [INFO] LOG: Finished loading assets
30-jul-2015 15:53:40 [INFO] LOG: Finished loading assets
30-jul-2015 15:54:53 [INFO] LOG: Finished loading assets
30-jul-2015 15:54:54 [INFO] LOG: Finished loading assets
30-jul-2015 15:55:00 [INFO] LOG: Finished loading assets
30-jul-2015 15:55:02 [INFO] LOG: Finished loading assets
30-jul-2015 15:55:03 [INFO] LOG: Finished loading assets
30-jul-2015 15:55:04 [INFO] LOG: Finished loading assets
30-jul-2015 15:55:05 [INFO] LOG: Finished loading assets
30-jul-2015 15:55:07 [INFO] LOG: Finished loading assets
30-jul-2015 15:55:11 [INFO] LOG: Finished loading assets
30-jul-2015 15:55:12 [INFO] LOG: Finished loading assets
30-jul-2015 15:55:14 [INFO] LOG: Finished loading assets
30-jul-2015 15:55:15 [INFO] LOG: Finished loading assets
30-jul-2015 15:55:16 [INFO] LOG: Finished loading assets
30-jul-2015 15:55:24 [INFO] LOG: Finished loading assets
30-jul-2015 15:55:25 [INFO] LOG: Finished loading assets
30-jul-2015 15:55:54 [INFO] LOG: Finished loading assets
30-jul-2015 15:55:55 [INFO] LOG: Finished loading assets
30-jul-2015 15:56:15 [INFO] LOG: Finished loading assets
30-jul-2015 15:56:16 [INFO] LOG: Finished loading assets
30-jul-2015 15:56:24 [INFO] LOG: Finished loading assets
30-jul-2015 15:56:27 [INFO] LOG: Finished loading assets
30-jul-2015 15:56:36 [INFO] LOG: Finished loading assets
30-jul-2015 15:56:37 [INFO] LOG: Finished loading assets
30-jul-2015 15:57:21 [INFO] LOG: Finished loading assets
30-jul-2015 15:57:22 [INFO] LOG: Finished loading assets
30-jul-2015 15:58:02 [INFO] LOG: Finished loading assets
30-jul-2015 15:58:03 [INFO] LOG: Finished loading assets
30-jul-2015 15:58:11 [INFO] LOG: Finished loading assets
30-jul-2015 15:58:11 [INFO] LOG: Finished loading assets
30-jul-2015 15:58:59 [INFO] LOG: Finished loading assets
30-jul-2015 15:59:00 [INFO] LOG: Finished loading assets
30-jul-2015 15:59:06 [INFO] LOG: Finished loading assets
30-jul-2015 15:59:06 [INFO] LOG: Finished loading assets
30-jul-2015 16:00:14 [INFO] LOG: Finished loading assets
30-jul-2015 16:00:15 [INFO] LOG: Finished loading assets
30-jul-2015 16:01:54 [INFO] LOG: Finished loading assets
30-jul-2015 16:01:54 [INFO] LOG: Finished loading assets
30-jul-2015 16:09:46 [INFO] LOG: Finished loading assets
30-jul-2015 16:09:47 [INFO] LOG: Finished loading assets
30-jul-2015 16:10:30 [INFO] LOG: Finished loading assets
30-jul-2015 16:10:31 [INFO] LOG: Finished loading assets
30-jul-2015 16:10:58 [INFO] LOG: Finished loading assets
30-jul-2015 16:10:59 [INFO] LOG: Finished loading assets
30-jul-2015 16:11:05 [INFO] LOG: Finished loading assets
30-jul-2015 16:11:06 [INFO] LOG: Finished loading assets
30-jul-2015 16:11:07 [INFO] LOG: Finished loading assets
30-jul-2015 16:11:08 [INFO] LOG: Finished loading assets
30-jul-2015 16:11:09 [INFO] LOG: Finished loading assets
30-jul-2015 16:11:11 [INFO] LOG: Finished loading assets
30-jul-2015 16:11:23 [INFO] LOG: Finished loading assets
30-jul-2015 16:11:24 [INFO] LOG: Finished loading assets
30-jul-2015 16:12:25 [INFO] LOG: Finished loading assets
30-jul-2015 16:12:26 [INFO] LOG: Finished loading assets
30-jul-2015 16:12:34 [INFO] LOG: Finished loading assets
30-jul-2015 16:12:35 [INFO] LOG: Finished loading assets
30-jul-2015 16:12:56 [INFO] LOG: Finished loading assets
30-jul-2015 16:12:57 [INFO] LOG: Finished loading assets
30-jul-2015 16:13:19 [INFO] LOG: Finished loading assets
30-jul-2015 16:13:19 [INFO] LOG: Finished loading assets
30-jul-2015 16:13:37 [INFO] LOG: Finished loading assets
30-jul-2015 16:13:37 [INFO] LOG: Finished loading assets
30-jul-2015 16:13:44 [INFO] LOG: Finished loading assets
30-jul-2015 16:13:45 [INFO] LOG: Finished loading assets
30-jul-2015 16:13:47 [INFO] LOG: Finished loading assets
30-jul-2015 16:13:47 [INFO] LOG: Finished loading assets
30-jul-2015 16:13:48 [INFO] LOG: Finished loading assets
30-jul-2015 16:13:59 [INFO] LOG: Finished loading assets
30-jul-2015 16:14:11 [INFO] LOG: Finished loading assets
30-jul-2015 16:14:12 [INFO] LOG: Finished loading assets
30-jul-2015 16:14:15 [INFO] LOG: Finished loading assets
30-jul-2015 16:22:16 [INFO] LOG: Finished loading assets
30-jul-2015 16:22:17 [INFO] LOG: Finished loading assets
30-jul-2015 16:22:43 [INFO] LOG: Finished loading assets
30-jul-2015 16:22:44 [INFO] LOG: Finished loading assets
30-jul-2015 16:23:06 [INFO] LOG: Finished loading assets
30-jul-2015 16:23:07 [INFO] LOG: Finished loading assets
30-jul-2015 16:24:25 [INFO] LOG: Finished loading assets
30-jul-2015 16:24:26 [INFO] LOG: Finished loading assets
30-jul-2015 16:24:27 [INFO] LOG: Finished loading assets
30-jul-2015 16:24:29 [INFO] LOG: Finished loading assets
30-jul-2015 16:24:40 [INFO] LOG: Finished loading assets
30-jul-2015 16:24:41 [INFO] LOG: Finished loading assets
30-jul-2015 16:24:41 [INFO] LOG: Finished loading assets
30-jul-2015 16:24:42 [INFO] LOG: Finished loading assets
30-jul-2015 16:24:42 [INFO] LOG: Finished loading assets
30-jul-2015 16:26:26 [INFO] LOG: Finished loading assets
30-jul-2015 16:26:27 [INFO] LOG: Finished loading assets
30-jul-2015 16:26:29 [INFO] LOG: Finished loading assets
30-jul-2015 16:26:30 [INFO] LOG: Finished loading assets
30-jul-2015 16:26:31 [INFO] LOG: Finished loading assets
30-jul-2015 16:26:32 [INFO] LOG: Finished loading assets
30-jul-2015 16:26:38 [INFO] LOG: Finished loading assets
30-jul-2015 16:26:38 [INFO] LOG: Finished loading assets
30-jul-2015 16:26:41 [INFO] LOG: Finished loading assets
30-jul-2015 16:45:34 [INFO] LOG: Finished loading assets
30-jul-2015 16:45:35 [INFO] LOG: Finished loading assets
30-jul-2015 16:45:36 [INFO] LOG: Finished loading assets
30-jul-2015 16:45:38 [INFO] LOG: Finished loading assets
30-jul-2015 16:45:38 [INFO] LOG: Finished loading assets
30-jul-2015 16:45:42 [INFO] LOG: Finished loading assets
30-jul-2015 16:45:42 [INFO] LOG: Finished loading assets
30-jul-2015 16:45:43 [INFO] LOG: Finished loading assets
30-jul-2015 16:45:44 [INFO] LOG: Finished loading assets
